{"C:\\Users\\Laura\\clod-pet\\frontend\\src\\backend-client.ts": {"path":"C:\\Users\\Laura\\clod-pet\\frontend\\src\\backend-client.ts","statementMap":{"0":{"start":{"line":1,"column":0},"end":{"line":1,"column":30}},"1":{"start":{"line":9,"column":4},"end":{"line":9,"column":27}},"2":{"start":{"line":10,"column":4},"end":{"line":10,"column":27}},"3":{"start":{"line":11,"column":4},"end":{"line":11,"column":44}},"4":{"start":{"line":15,"column":4},"end":{"line":15,"column":26}},"5":{"start":{"line":19,"column":19},"end":{"line":24,"column":6}},"6":{"start":{"line":25,"column":4},"end":{"line":25,"column":18}},"7":{"start":{"line":29,"column":4},"end":{"line":29,"column":68}},"8":{"start":{"line":39,"column":4},"end":{"line":90,"column":7}},"9":{"start":{"line":40,"column":20},"end":{"line":40,"column":25}},"10":{"start":{"line":42,"column":21},"end":{"line":47,"column":7}},"11":{"start":{"line":43,"column":8},"end":{"line":43,"column":28}},"12":{"start":{"line":43,"column":21},"end":{"line":43,"column":28}},"13":{"start":{"line":44,"column":8},"end":{"line":44,"column":23}},"14":{"start":{"line":45,"column":8},"end":{"line":45,"column":39}},"15":{"start":{"line":45,"column":19},"end":{"line":45,"column":39}},"16":{"start":{"line":46,"column":8},"end":{"line":46,"column":18}},"17":{"start":{"line":49,"column":18},"end":{"line":75,"column":8}},"18":{"start":{"line":53,"column":19},"end":{"line":53,"column":21}},"19":{"start":{"line":54,"column":8},"end":{"line":54,"column":49}},"20":{"start":{"line":54,"column":34},"end":{"line":54,"column":47}},"21":{"start":{"line":55,"column":8},"end":{"line":74,"column":11}},"22":{"start":{"line":56,"column":10},"end":{"line":60,"column":11}},"23":{"start":{"line":57,"column":12},"end":{"line":57,"column":35}},"24":{"start":{"line":58,"column":12},"end":{"line":58,"column":81}},"25":{"start":{"line":59,"column":12},"end":{"line":59,"column":19}},"26":{"start":{"line":62,"column":10},"end":{"line":73,"column":11}},"27":{"start":{"line":63,"column":27},"end":{"line":63,"column":43}},"28":{"start":{"line":64,"column":12},"end":{"line":68,"column":13}},"29":{"start":{"line":65,"column":14},"end":{"line":65,"column":37}},"30":{"start":{"line":66,"column":14},"end":{"line":66,"column":73}},"31":{"start":{"line":67,"column":14},"end":{"line":67,"column":21}},"32":{"start":{"line":69,"column":12},"end":{"line":69,"column":34}},"33":{"start":{"line":70,"column":12},"end":{"line":70,"column":36}},"34":{"start":{"line":72,"column":12},"end":{"line":72,"column":58}},"35":{"start":{"line":77,"column":6},"end":{"line":81,"column":25}},"36":{"start":{"line":78,"column":8},"end":{"line":78,"column":31}},"37":{"start":{"line":79,"column":8},"end":{"line":79,"column":86}},"38":{"start":{"line":80,"column":8},"end":{"line":80,"column":89}},"39":{"start":{"line":83,"column":6},"end":{"line":86,"column":9}},"40":{"start":{"line":84,"column":8},"end":{"line":84,"column":31}},"41":{"start":{"line":85,"column":8},"end":{"line":85,"column":28}},"42":{"start":{"line":88,"column":6},"end":{"line":88,"column":42}},"43":{"start":{"line":88,"column":21},"end":{"line":88,"column":42}},"44":{"start":{"line":89,"column":6},"end":{"line":89,"column":16}},"45":{"start":{"line":94,"column":4},"end":{"line":94,"column":49}},"46":{"start":{"line":98,"column":4},"end":{"line":98,"column":50}},"47":{"start":{"line":102,"column":4},"end":{"line":107,"column":7}},"48":{"start":{"line":111,"column":4},"end":{"line":111,"column":57}},"49":{"start":{"line":115,"column":4},"end":{"line":115,"column":61}},"50":{"start":{"line":119,"column":4},"end":{"line":119,"column":55}},"51":{"start":{"line":123,"column":4},"end":{"line":123,"column":50}},"52":{"start":{"line":127,"column":4},"end":{"line":127,"column":48}},"53":{"start":{"line":131,"column":4},"end":{"line":131,"column":38}},"54":{"start":{"line":135,"column":4},"end":{"line":135,"column":40}},"55":{"start":{"line":139,"column":4},"end":{"line":139,"column":50}},"56":{"start":{"line":143,"column":4},"end":{"line":143,"column":37}},"57":{"start":{"line":147,"column":4},"end":{"line":147,"column":39}},"58":{"start":{"line":151,"column":4},"end":{"line":151,"column":77}},"59":{"start":{"line":155,"column":0},"end":{"line":155,"column":23}}},"fnMap":{"0":{"name":"(anonymous_0)","decl":{"start":{"line":8,"column":2},"end":{"line":8,"column":14}},"loc":{"start":{"line":8,"column":82},"end":{"line":12,"column":3}}},"1":{"name":"(anonymous_1)","decl":{"start":{"line":14,"column":2},"end":{"line":14,"column":6}},"loc":{"start":{"line":14,"column":17},"end":{"line":16,"column":3}}},"2":{"name":"(anonymous_2)","decl":{"start":{"line":18,"column":2},"end":{"line":18,"column":7}},"loc":{"start":{"line":18,"column":70},"end":{"line":26,"column":3}}},"3":{"name":"(anonymous_3)","decl":{"start":{"line":28,"column":2},"end":{"line":28,"column":7}},"loc":{"start":{"line":28,"column":47},"end":{"line":30,"column":3}}},"4":{"name":"(anonymous_4)","decl":{"start":{"line":32,"column":2},"end":{"line":32,"column":14}},"loc":{"start":{"line":38,"column":8},"end":{"line":91,"column":3}}},"5":{"name":"(anonymous_5)","decl":{"start":{"line":39,"column":23},"end":{"line":39,"column":24}},"loc":{"start":{"line":39,"column":43},"end":{"line":90,"column":5}}},"6":{"name":"(anonymous_6)","decl":{"start":{"line":42,"column":21},"end":{"line":42,"column":22}},"loc":{"start":{"line":42,"column":64},"end":{"line":47,"column":7}}},"7":{"name":"(anonymous_7)","decl":{"start":{"line":52,"column":9},"end":{"line":52,"column":10}},"loc":{"start":{"line":52,"column":17},"end":{"line":75,"column":7}}},"8":{"name":"(anonymous_8)","decl":{"start":{"line":54,"column":23},"end":{"line":54,"column":24}},"loc":{"start":{"line":54,"column":34},"end":{"line":54,"column":47}}},"9":{"name":"(anonymous_9)","decl":{"start":{"line":55,"column":22},"end":{"line":55,"column":25}},"loc":{"start":{"line":55,"column":27},"end":{"line":74,"column":9}}},"10":{"name":"(anonymous_10)","decl":{"start":{"line":77,"column":25},"end":{"line":77,"column":28}},"loc":{"start":{"line":77,"column":30},"end":{"line":81,"column":7}}},"11":{"name":"(anonymous_11)","decl":{"start":{"line":83,"column":22},"end":{"line":83,"column":23}},"loc":{"start":{"line":83,"column":30},"end":{"line":86,"column":7}}},"12":{"name":"(anonymous_12)","decl":{"start":{"line":93,"column":2},"end":{"line":93,"column":7}},"loc":{"start":{"line":93,"column":14},"end":{"line":95,"column":3}}},"13":{"name":"(anonymous_13)","decl":{"start":{"line":97,"column":2},"end":{"line":97,"column":7}},"loc":{"start":{"line":97,"column":15},"end":{"line":99,"column":3}}},"14":{"name":"(anonymous_14)","decl":{"start":{"line":101,"column":2},"end":{"line":101,"column":7}},"loc":{"start":{"line":101,"column":31},"end":{"line":108,"column":3}}},"15":{"name":"(anonymous_15)","decl":{"start":{"line":110,"column":2},"end":{"line":110,"column":7}},"loc":{"start":{"line":110,"column":31},"end":{"line":112,"column":3}}},"16":{"name":"(anonymous_16)","decl":{"start":{"line":114,"column":2},"end":{"line":114,"column":7}},"loc":{"start":{"line":114,"column":51},"end":{"line":116,"column":3}}},"17":{"name":"(anonymous_17)","decl":{"start":{"line":118,"column":2},"end":{"line":118,"column":7}},"loc":{"start":{"line":118,"column":29},"end":{"line":120,"column":3}}},"18":{"name":"(anonymous_18)","decl":{"start":{"line":122,"column":2},"end":{"line":122,"column":7}},"loc":{"start":{"line":122,"column":32},"end":{"line":124,"column":3}}},"19":{"name":"(anonymous_19)","decl":{"start":{"line":126,"column":2},"end":{"line":126,"column":7}},"loc":{"start":{"line":126,"column":30},"end":{"line":128,"column":3}}},"20":{"name":"(anonymous_20)","decl":{"start":{"line":130,"column":2},"end":{"line":130,"column":7}},"loc":{"start":{"line":130,"column":17},"end":{"line":132,"column":3}}},"21":{"name":"(anonymous_21)","decl":{"start":{"line":134,"column":2},"end":{"line":134,"column":7}},"loc":{"start":{"line":134,"column":19},"end":{"line":136,"column":3}}},"22":{"name":"(anonymous_22)","decl":{"start":{"line":138,"column":2},"end":{"line":138,"column":7}},"loc":{"start":{"line":138,"column":53},"end":{"line":140,"column":3}}},"23":{"name":"(anonymous_23)","decl":{"start":{"line":142,"column":2},"end":{"line":142,"column":7}},"loc":{"start":{"line":142,"column":16},"end":{"line":144,"column":3}}},"24":{"name":"(anonymous_24)","decl":{"start":{"line":146,"column":2},"end":{"line":146,"column":7}},"loc":{"start":{"line":146,"column":18},"end":{"line":148,"column":3}}},"25":{"name":"(anonymous_25)","decl":{"start":{"line":150,"column":2},"end":{"line":150,"column":7}},"loc":{"start":{"line":150,"column":43},"end":{"line":152,"column":3}}}},"branchMap":{"0":{"loc":{"start":{"line":8,"column":14},"end":{"line":8,"column":47}},"type":"default-arg","locations":[{"start":{"line":8,"column":24},"end":{"line":8,"column":47}}]},"1":{"loc":{"start":{"line":8,"column":49},"end":{"line":8,"column":82}},"type":"default-arg","locations":[{"start":{"line":8,"column":80},"end":{"line":8,"column":82}}]},"2":{"loc":{"start":{"line":11,"column":21},"end":{"line":11,"column":43}},"type":"binary-expr","locations":[{"start":{"line":11,"column":21},"end":{"line":11,"column":35}},{"start":{"line":11,"column":39},"end":{"line":11,"column":43}}]},"3":{"loc":{"start":{"line":18,"column":33},"end":{"line":18,"column":70}},"type":"default-arg","locations":[{"start":{"line":18,"column":68},"end":{"line":18,"column":70}}]},"4":{"loc":{"start":{"line":28,"column":33},"end":{"line":28,"column":47}},"type":"default-arg","locations":[{"start":{"line":28,"column":42},"end":{"line":28,"column":47}}]},"5":{"loc":{"start":{"line":32,"column":29},"end":{"line":38,"column":8}},"type":"default-arg","locations":[{"start":{"line":38,"column":6},"end":{"line":38,"column":8}}]},"6":{"loc":{"start":{"line":43,"column":8},"end":{"line":43,"column":28}},"type":"if","locations":[{"start":{"line":43,"column":8},"end":{"line":43,"column":28}}]},"7":{"loc":{"start":{"line":45,"column":8},"end":{"line":45,"column":39}},"type":"if","locations":[{"start":{"line":45,"column":8},"end":{"line":45,"column":39}}]},"8":{"loc":{"start":{"line":50,"column":16},"end":{"line":50,"column":36}},"type":"binary-expr","locations":[{"start":{"line":50,"column":16},"end":{"line":50,"column":27}},{"start":{"line":50,"column":31},"end":{"line":50,"column":36}}]},"9":{"loc":{"start":{"line":56,"column":10},"end":{"line":60,"column":11}},"type":"if","locations":[{"start":{"line":56,"column":10},"end":{"line":60,"column":11}}]},"10":{"loc":{"start":{"line":56,"column":14},"end":{"line":56,"column":58}},"type":"binary-expr","locations":[{"start":{"line":56,"column":14},"end":{"line":56,"column":32}},{"start":{"line":56,"column":36},"end":{"line":56,"column":58}}]},"11":{"loc":{"start":{"line":64,"column":12},"end":{"line":68,"column":13}},"type":"if","locations":[{"start":{"line":64,"column":12},"end":{"line":68,"column":13}}]},"12":{"loc":{"start":{"line":64,"column":16},"end":{"line":64,"column":44}},"type":"binary-expr","locations":[{"start":{"line":64,"column":16},"end":{"line":64,"column":30}},{"start":{"line":64,"column":34},"end":{"line":64,"column":44}}]},"13":{"loc":{"start":{"line":66,"column":39},"end":{"line":66,"column":70}},"type":"binary-expr","locations":[{"start":{"line":66,"column":39},"end":{"line":66,"column":51}},{"start":{"line":66,"column":55},"end":{"line":66,"column":70}}]},"14":{"loc":{"start":{"line":88,"column":6},"end":{"line":88,"column":42}},"type":"if","locations":[{"start":{"line":88,"column":6},"end":{"line":88,"column":42}}]},"15":{"loc":{"start":{"line":150,"column":32},"end":{"line":150,"column":43}},"type":"default-arg","locations":[{"start":{"line":150,"column":42},"end":{"line":150,"column":43}}]}},"s":{"0":1,"1":30,"2":30,"3":30,"4":2,"5":20,"6":14,"7":3,"8":24,"9":24,"10":24,"11":24,"12":0,"13":24,"14":24,"15":22,"16":24,"17":24,"18":23,"19":23,"20":22,"21":23,"22":22,"23":1,"24":1,"25":1,"26":21,"27":21,"28":19,"29":2,"30":2,"31":2,"32":17,"33":17,"34":2,"35":24,"36":1,"37":1,"38":1,"39":24,"40":1,"41":1,"42":24,"43":21,"44":24,"45":1,"46":1,"47":1,"48":1,"49":1,"50":1,"51":1,"52":1,"53":1,"54":1,"55":1,"56":1,"57":1,"58":2,"59":1},"f":{"0":30,"1":2,"2":20,"3":3,"4":24,"5":24,"6":24,"7":23,"8":22,"9":22,"10":1,"11":1,"12":1,"13":1,"14":1,"15":1,"16":1,"17":1,"18":1,"19":1,"20":1,"21":1,"22":1,"23":1,"24":1,"25":2},"b":{"0":[1],"1":[29],"2":[30,29],"3":[4],"4":[1],"5":[0],"6":[0],"7":[22],"8":[24,0],"9":[1],"10":[22,3],"11":[2],"12":[19,17],"13":[2,1],"14":[21],"15":[1]}}
,"C:\\Users\\Laura\\clod-pet\\frontend\\src\\backend-manager.ts": {"path":"C:\\Users\\Laura\\clod-pet\\frontend\\src\\backend-manager.ts","statementMap":{"0":{"start":{"line":1,"column":0},"end":{"line":1,"column":38}},"1":{"start":{"line":2,"column":0},"end":{"line":2,"column":30}},"2":{"start":{"line":3,"column":0},"end":{"line":3,"column":30}},"3":{"start":{"line":4,"column":0},"end":{"line":4,"column":36}},"4":{"start":{"line":6,"column":12},"end":{"line":6,"column":50}},"5":{"start":{"line":20,"column":4},"end":{"line":20,"column":24}},"6":{"start":{"line":21,"column":4},"end":{"line":21,"column":20}},"7":{"start":{"line":22,"column":4},"end":{"line":22,"column":84}},"8":{"start":{"line":23,"column":4},"end":{"line":23,"column":52}},"9":{"start":{"line":24,"column":4},"end":{"line":24,"column":25}},"10":{"start":{"line":25,"column":4},"end":{"line":25,"column":25}},"11":{"start":{"line":26,"column":4},"end":{"line":26,"column":26}},"12":{"start":{"line":27,"column":4},"end":{"line":27,"column":25}},"13":{"start":{"line":28,"column":4},"end":{"line":28,"column":23}},"14":{"start":{"line":32,"column":17},"end":{"line":32,"column":47}},"15":{"start":{"line":33,"column":4},"end":{"line":33,"column":69}},"16":{"start":{"line":33,"column":15},"end":{"line":33,"column":69}},"17":{"start":{"line":34,"column":24},"end":{"line":34,"column":67}},"18":{"start":{"line":35,"column":23},"end":{"line":35,"column":61}},"19":{"start":{"line":37,"column":24},"end":{"line":37,"column":63}},"20":{"start":{"line":38,"column":22},"end":{"line":38,"column":58}},"21":{"start":{"line":39,"column":19},"end":{"line":39,"column":105}},"22":{"start":{"line":40,"column":16},"end":{"line":40,"column":42}},"23":{"start":{"line":41,"column":17},"end":{"line":41,"column":43}},"24":{"start":{"line":43,"column":4},"end":{"line":43,"column":98}},"25":{"start":{"line":44,"column":4},"end":{"line":44,"column":46}},"26":{"start":{"line":46,"column":4},"end":{"line":49,"column":7}},"27":{"start":{"line":51,"column":4},"end":{"line":51,"column":42}},"28":{"start":{"line":53,"column":4},"end":{"line":56,"column":7}},"29":{"start":{"line":54,"column":6},"end":{"line":54,"column":68}},"30":{"start":{"line":55,"column":6},"end":{"line":55,"column":56}},"31":{"start":{"line":57,"column":4},"end":{"line":60,"column":7}},"32":{"start":{"line":58,"column":6},"end":{"line":58,"column":68}},"33":{"start":{"line":59,"column":6},"end":{"line":59,"column":55}},"34":{"start":{"line":61,"column":4},"end":{"line":64,"column":7}},"35":{"start":{"line":62,"column":6},"end":{"line":62,"column":35}},"36":{"start":{"line":63,"column":6},"end":{"line":63,"column":37}},"37":{"start":{"line":65,"column":4},"end":{"line":68,"column":7}},"38":{"start":{"line":66,"column":6},"end":{"line":66,"column":27}},"39":{"start":{"line":67,"column":6},"end":{"line":67,"column":44}},"40":{"start":{"line":70,"column":4},"end":{"line":70,"column":31}},"41":{"start":{"line":71,"column":4},"end":{"line":71,"column":49}},"42":{"start":{"line":72,"column":4},"end":{"line":72,"column":20}},"43":{"start":{"line":76,"column":4},"end":{"line":82,"column":5}},"44":{"start":{"line":77,"column":6},"end":{"line":77,"column":40}},"45":{"start":{"line":78,"column":6},"end":{"line":78,"column":47}},"46":{"start":{"line":79,"column":6},"end":{"line":79,"column":47}},"47":{"start":{"line":80,"column":6},"end":{"line":80,"column":35}},"48":{"start":{"line":81,"column":6},"end":{"line":81,"column":26}},"49":{"start":{"line":86,"column":4},"end":{"line":94,"column":6}},"50":{"start":{"line":98,"column":4},"end":{"line":112,"column":7}},"51":{"start":{"line":99,"column":17},"end":{"line":99,"column":26}},"52":{"start":{"line":100,"column":21},"end":{"line":100,"column":22}},"53":{"start":{"line":102,"column":22},"end":{"line":110,"column":7}},"54":{"start":{"line":103,"column":23},"end":{"line":103,"column":52}},"55":{"start":{"line":104,"column":8},"end":{"line":104,"column":82}},"56":{"start":{"line":104,"column":47},"end":{"line":104,"column":80}},"57":{"start":{"line":104,"column":66},"end":{"line":104,"column":79}},"58":{"start":{"line":105,"column":8},"end":{"line":109,"column":11}},"59":{"start":{"line":106,"column":10},"end":{"line":106,"column":21}},"60":{"start":{"line":107,"column":10},"end":{"line":108,"column":37}},"61":{"start":{"line":107,"column":39},"end":{"line":107,"column":104}},"62":{"start":{"line":108,"column":17},"end":{"line":108,"column":24}},"63":{"start":{"line":108,"column":25},"end":{"line":108,"column":35}},"64":{"start":{"line":111,"column":6},"end":{"line":111,"column":16}},"65":{"start":{"line":116,"column":4},"end":{"line":136,"column":7}},"66":{"start":{"line":117,"column":20},"end":{"line":117,"column":21}},"67":{"start":{"line":118,"column":20},"end":{"line":129,"column":7}},"68":{"start":{"line":119,"column":8},"end":{"line":128,"column":11}},"69":{"start":{"line":120,"column":21},"end":{"line":120,"column":23}},"70":{"start":{"line":121,"column":10},"end":{"line":121,"column":45}},"71":{"start":{"line":121,"column":33},"end":{"line":121,"column":42}},"72":{"start":{"line":122,"column":10},"end":{"line":125,"column":13}},"73":{"start":{"line":123,"column":12},"end":{"line":124,"column":31}},"74":{"start":{"line":123,"column":40},"end":{"line":123,"column":54}},"75":{"start":{"line":124,"column":17},"end":{"line":124,"column":31}},"76":{"start":{"line":127,"column":10},"end":{"line":127,"column":24}},"77":{"start":{"line":130,"column":26},"end":{"line":134,"column":7}},"78":{"start":{"line":131,"column":8},"end":{"line":131,"column":18}},"79":{"start":{"line":132,"column":8},"end":{"line":133,"column":41}},"80":{"start":{"line":132,"column":35},"end":{"line":132,"column":80}},"81":{"start":{"line":133,"column":13},"end":{"line":133,"column":41}},"82":{"start":{"line":135,"column":6},"end":{"line":135,"column":14}},"83":{"start":{"line":141,"column":15},"end":{"line":141,"column":30}},"84":{"start":{"line":142,"column":2},"end":{"line":142,"column":78}},"85":{"start":{"line":145,"column":0},"end":{"line":145,"column":24}}},"fnMap":{"0":{"name":"(anonymous_0)","decl":{"start":{"line":19,"column":2},"end":{"line":19,"column":14}},"loc":{"start":{"line":19,"column":51},"end":{"line":29,"column":3}}},"1":{"name":"(anonymous_1)","decl":{"start":{"line":31,"column":2},"end":{"line":31,"column":7}},"loc":{"start":{"line":31,"column":13},"end":{"line":73,"column":3}}},"2":{"name":"(anonymous_2)","decl":{"start":{"line":53,"column":35},"end":{"line":53,"column":36}},"loc":{"start":{"line":53,"column":41},"end":{"line":56,"column":5}}},"3":{"name":"(anonymous_3)","decl":{"start":{"line":57,"column":35},"end":{"line":57,"column":36}},"loc":{"start":{"line":57,"column":41},"end":{"line":60,"column":5}}},"4":{"name":"(anonymous_4)","decl":{"start":{"line":61,"column":29},"end":{"line":61,"column":30}},"loc":{"start":{"line":61,"column":37},"end":{"line":64,"column":5}}},"5":{"name":"(anonymous_5)","decl":{"start":{"line":65,"column":29},"end":{"line":65,"column":30}},"loc":{"start":{"line":65,"column":38},"end":{"line":68,"column":5}}},"6":{"name":"(anonymous_6)","decl":{"start":{"line":75,"column":2},"end":{"line":75,"column":6}},"loc":{"start":{"line":75,"column":6},"end":{"line":83,"column":3}}},"7":{"name":"(anonymous_7)","decl":{"start":{"line":85,"column":2},"end":{"line":85,"column":16}},"loc":{"start":{"line":85,"column":16},"end":{"line":95,"column":3}}},"8":{"name":"(anonymous_8)","decl":{"start":{"line":97,"column":2},"end":{"line":97,"column":15}},"loc":{"start":{"line":97,"column":51},"end":{"line":113,"column":3}}},"9":{"name":"(anonymous_9)","decl":{"start":{"line":98,"column":23},"end":{"line":98,"column":24}},"loc":{"start":{"line":98,"column":43},"end":{"line":112,"column":5}}},"10":{"name":"(anonymous_10)","decl":{"start":{"line":102,"column":22},"end":{"line":102,"column":25}},"loc":{"start":{"line":102,"column":27},"end":{"line":110,"column":7}}},"11":{"name":"(anonymous_11)","decl":{"start":{"line":104,"column":41},"end":{"line":104,"column":44}},"loc":{"start":{"line":104,"column":47},"end":{"line":104,"column":80}}},"12":{"name":"(anonymous_12)","decl":{"start":{"line":104,"column":60},"end":{"line":104,"column":63}},"loc":{"start":{"line":104,"column":66},"end":{"line":104,"column":79}}},"13":{"name":"(anonymous_13)","decl":{"start":{"line":105,"column":27},"end":{"line":105,"column":30}},"loc":{"start":{"line":105,"column":32},"end":{"line":109,"column":9}}},"14":{"name":"(anonymous_14)","decl":{"start":{"line":115,"column":2},"end":{"line":115,"column":15}},"loc":{"start":{"line":115,"column":47},"end":{"line":137,"column":3}}},"15":{"name":"(anonymous_15)","decl":{"start":{"line":116,"column":23},"end":{"line":116,"column":24}},"loc":{"start":{"line":116,"column":43},"end":{"line":136,"column":5}}},"16":{"name":"(anonymous_16)","decl":{"start":{"line":118,"column":20},"end":{"line":118,"column":23}},"loc":{"start":{"line":118,"column":25},"end":{"line":129,"column":7}}},"17":{"name":"(anonymous_17)","decl":{"start":{"line":119,"column":43},"end":{"line":119,"column":44}},"loc":{"start":{"line":119,"column":51},"end":{"line":126,"column":9}}},"18":{"name":"(anonymous_18)","decl":{"start":{"line":121,"column":25},"end":{"line":121,"column":26}},"loc":{"start":{"line":121,"column":33},"end":{"line":121,"column":42}}},"19":{"name":"(anonymous_19)","decl":{"start":{"line":122,"column":24},"end":{"line":122,"column":27}},"loc":{"start":{"line":122,"column":29},"end":{"line":125,"column":11}}},"20":{"name":"(anonymous_20)","decl":{"start":{"line":126,"column":23},"end":{"line":126,"column":26}},"loc":{"start":{"line":126,"column":28},"end":{"line":128,"column":9}}},"21":{"name":"(anonymous_21)","decl":{"start":{"line":130,"column":26},"end":{"line":130,"column":29}},"loc":{"start":{"line":130,"column":31},"end":{"line":134,"column":7}}},"22":{"name":"appendRecent","decl":{"start":{"line":140,"column":9},"end":{"line":140,"column":21}},"loc":{"start":{"line":140,"column":70},"end":{"line":143,"column":1}}}},"branchMap":{"0":{"loc":{"start":{"line":19,"column":14},"end":{"line":19,"column":51}},"type":"default-arg","locations":[{"start":{"line":19,"column":49},"end":{"line":19,"column":51}}]},"1":{"loc":{"start":{"line":22,"column":19},"end":{"line":22,"column":83}},"type":"binary-expr","locations":[{"start":{"line":22,"column":19},"end":{"line":22,"column":39}},{"start":{"line":22,"column":43},"end":{"line":22,"column":83}}]},"2":{"loc":{"start":{"line":33,"column":4},"end":{"line":33,"column":69}},"type":"if","locations":[{"start":{"line":33,"column":4},"end":{"line":33,"column":69}}]},"3":{"loc":{"start":{"line":37,"column":24},"end":{"line":37,"column":63}},"type":"binary-expr","locations":[{"start":{"line":37,"column":24},"end":{"line":37,"column":57}},{"start":{"line":37,"column":61},"end":{"line":37,"column":63}}]},"4":{"loc":{"start":{"line":39,"column":19},"end":{"line":39,"column":105}},"type":"binary-expr","locations":[{"start":{"line":39,"column":19},"end":{"line":39,"column":40}},{"start":{"line":39,"column":45},"end":{"line":39,"column":69}},{"start":{"line":39,"column":73},"end":{"line":39,"column":91}},{"start":{"line":39,"column":95},"end":{"line":39,"column":104}}]},"5":{"loc":{"start":{"line":40,"column":16},"end":{"line":40,"column":42}},"type":"cond-expr","locations":[{"start":{"line":40,"column":25},"end":{"line":40,"column":35}},{"start":{"line":40,"column":38},"end":{"line":40,"column":42}}]},"6":{"loc":{"start":{"line":41,"column":17},"end":{"line":41,"column":43}},"type":"cond-expr","locations":[{"start":{"line":41,"column":26},"end":{"line":41,"column":28}},{"start":{"line":41,"column":31},"end":{"line":41,"column":43}}]},"7":{"loc":{"start":{"line":76,"column":4},"end":{"line":82,"column":5}},"type":"if","locations":[{"start":{"line":76,"column":4},"end":{"line":82,"column":5}}]},"8":{"loc":{"start":{"line":93,"column":23},"end":{"line":93,"column":69}},"type":"binary-expr","locations":[{"start":{"line":93,"column":23},"end":{"line":93,"column":35}},{"start":{"line":93,"column":39},"end":{"line":93,"column":69}}]},"9":{"loc":{"start":{"line":97,"column":35},"end":{"line":97,"column":51}},"type":"default-arg","locations":[{"start":{"line":97,"column":49},"end":{"line":97,"column":51}}]},"10":{"loc":{"start":{"line":107,"column":10},"end":{"line":108,"column":37}},"type":"if","locations":[{"start":{"line":107,"column":10},"end":{"line":108,"column":37}},{"start":{"line":108,"column":15},"end":{"line":108,"column":37}}]},"11":{"loc":{"start":{"line":115,"column":16},"end":{"line":115,"column":31}},"type":"default-arg","locations":[{"start":{"line":115,"column":29},"end":{"line":115,"column":31}}]},"12":{"loc":{"start":{"line":115,"column":33},"end":{"line":115,"column":47}},"type":"default-arg","locations":[{"start":{"line":115,"column":44},"end":{"line":115,"column":47}}]},"13":{"loc":{"start":{"line":123,"column":12},"end":{"line":124,"column":31}},"type":"if","locations":[{"start":{"line":123,"column":12},"end":{"line":124,"column":31}},{"start":{"line":124,"column":17},"end":{"line":124,"column":31}}]},"14":{"loc":{"start":{"line":132,"column":8},"end":{"line":133,"column":41}},"type":"if","locations":[{"start":{"line":132,"column":8},"end":{"line":133,"column":41}},{"start":{"line":133,"column":13},"end":{"line":133,"column":41}}]},"15":{"loc":{"start":{"line":140,"column":54},"end":{"line":140,"column":70}},"type":"default-arg","locations":[{"start":{"line":140,"column":66},"end":{"line":140,"column":70}}]},"16":{"loc":{"start":{"line":142,"column":9},"end":{"line":142,"column":77}},"type":"cond-expr","locations":[{"start":{"line":142,"column":35},"end":{"line":142,"column":70}},{"start":{"line":142,"column":73},"end":{"line":142,"column":77}}]}},"s":{"0":1,"1":1,"2":1,"3":1,"4":1,"5":18,"6":18,"7":18,"8":18,"9":18,"10":18,"11":18,"12":18,"13":18,"14":7,"15":7,"16":0,"17":7,"18":7,"19":7,"20":7,"21":7,"22":7,"23":7,"24":7,"25":7,"26":7,"27":7,"28":7,"29":3,"30":3,"31":7,"32":1,"33":1,"34":7,"35":1,"36":1,"37":7,"38":1,"39":1,"40":7,"41":7,"42":7,"43":1,"44":1,"45":1,"46":1,"47":1,"48":1,"49":2,"50":9,"51":9,"52":9,"53":9,"54":10,"55":10,"56":8,"57":8,"58":10,"59":2,"60":2,"61":1,"62":1,"63":1,"64":9,"65":9,"66":9,"67":9,"68":13,"69":10,"70":10,"71":7,"72":10,"73":10,"74":7,"75":3,"76":3,"77":9,"78":6,"79":6,"80":2,"81":4,"82":9,"83":4,"84":4,"85":1},"f":{"0":18,"1":7,"2":3,"3":1,"4":1,"5":1,"6":1,"7":2,"8":9,"9":9,"10":10,"11":8,"12":8,"13":2,"14":9,"15":9,"16":13,"17":10,"18":7,"19":10,"20":3,"21":6,"22":4},"b":{"0":[17],"1":[18,18],"2":[0],"3":[7,1],"4":[7,6,6,0],"5":[1,6],"6":[1,6],"7":[1],"8":[2,1],"9":[8],"10":[1,1],"11":[7],"12":[7],"13":[7,3],"14":[2,4],"15":[4],"16":[1,3]}}
,"C:\\Users\\Laura\\clod-pet\\frontend\\src\\border-detector.ts": {"path":"C:\\Users\\Laura\\clod-pet\\frontend\\src\\border-detector.ts","statementMap":{"0":{"start":{"line":1,"column":0},"end":{"line":1,"column":34}},"1":{"start":{"line":8,"column":4},"end":{"line":8,"column":44}},"2":{"start":{"line":9,"column":4},"end":{"line":9,"column":31}},"3":{"start":{"line":13,"column":4},"end":{"line":13,"column":26}},"4":{"start":{"line":17,"column":21},"end":{"line":17,"column":44}},"5":{"start":{"line":18,"column":4},"end":{"line":18,"column":40}},"6":{"start":{"line":20,"column":4},"end":{"line":39,"column":7}},"7":{"start":{"line":21,"column":23},"end":{"line":21,"column":39}},"8":{"start":{"line":22,"column":21},"end":{"line":22,"column":35}},"9":{"start":{"line":23,"column":26},"end":{"line":23,"column":30}},"10":{"start":{"line":25,"column":6},"end":{"line":33,"column":7}},"11":{"start":{"line":26,"column":8},"end":{"line":26,"column":105}},"12":{"start":{"line":27,"column":13},"end":{"line":33,"column":7}},"13":{"start":{"line":28,"column":8},"end":{"line":28,"column":110}},"14":{"start":{"line":29,"column":13},"end":{"line":33,"column":7}},"15":{"start":{"line":30,"column":8},"end":{"line":30,"column":137}},"16":{"start":{"line":32,"column":8},"end":{"line":32,"column":133}},"17":{"start":{"line":35,"column":6},"end":{"line":38,"column":7}},"18":{"start":{"line":36,"column":26},"end":{"line":36,"column":45}},"19":{"start":{"line":37,"column":8},"end":{"line":37,"column":66}},"20":{"start":{"line":43,"column":21},"end":{"line":43,"column":44}},"21":{"start":{"line":44,"column":20},"end":{"line":44,"column":22}},"22":{"start":{"line":45,"column":20},"end":{"line":45,"column":71}},"23":{"start":{"line":46,"column":4},"end":{"line":46,"column":33}},"24":{"start":{"line":46,"column":18},"end":{"line":46,"column":33}},"25":{"start":{"line":48,"column":14},"end":{"line":48,"column":28}},"26":{"start":{"line":49,"column":22},"end":{"line":49,"column":36}},"27":{"start":{"line":51,"column":18},"end":{"line":51,"column":38}},"28":{"start":{"line":52,"column":21},"end":{"line":52,"column":61}},"29":{"start":{"line":53,"column":19},"end":{"line":53,"column":39}},"30":{"start":{"line":54,"column":20},"end":{"line":54,"column":58}},"31":{"start":{"line":55,"column":22},"end":{"line":55,"column":67}},"32":{"start":{"line":57,"column":4},"end":{"line":57,"column":54}},"33":{"start":{"line":57,"column":27},"end":{"line":57,"column":54}},"34":{"start":{"line":58,"column":4},"end":{"line":58,"column":52}},"35":{"start":{"line":58,"column":27},"end":{"line":58,"column":52}},"36":{"start":{"line":59,"column":4},"end":{"line":59,"column":43}},"37":{"start":{"line":59,"column":19},"end":{"line":59,"column":43}},"38":{"start":{"line":61,"column":4},"end":{"line":61,"column":19}},"39":{"start":{"line":65,"column":21},"end":{"line":65,"column":44}},"40":{"start":{"line":66,"column":20},"end":{"line":66,"column":71}},"41":{"start":{"line":67,"column":4},"end":{"line":67,"column":52}},"42":{"start":{"line":67,"column":39},"end":{"line":67,"column":52}},"43":{"start":{"line":68,"column":15},"end":{"line":68,"column":31}},"44":{"start":{"line":69,"column":4},"end":{"line":69,"column":41}},"45":{"start":{"line":73,"column":22},"end":{"line":73,"column":64}},"46":{"start":{"line":74,"column":15},"end":{"line":74,"column":85}},"47":{"start":{"line":75,"column":4},"end":{"line":75,"column":26}},"48":{"start":{"line":75,"column":13},"end":{"line":75,"column":26}},"49":{"start":{"line":76,"column":4},"end":{"line":76,"column":99}},"50":{"start":{"line":80,"column":20},"end":{"line":80,"column":33}},"51":{"start":{"line":81,"column":20},"end":{"line":81,"column":34}},"52":{"start":{"line":82,"column":4},"end":{"line":88,"column":30}},"53":{"start":{"line":83,"column":6},"end":{"line":87,"column":60}},"54":{"start":{"line":92,"column":4},"end":{"line":92,"column":30}},"55":{"start":{"line":92,"column":18},"end":{"line":92,"column":30}},"56":{"start":{"line":93,"column":21},"end":{"line":93,"column":44}},"57":{"start":{"line":94,"column":18},"end":{"line":94,"column":43}},"58":{"start":{"line":95,"column":4},"end":{"line":95,"column":37}},"59":{"start":{"line":99,"column":0},"end":{"line":99,"column":24}}},"fnMap":{"0":{"name":"(anonymous_0)","decl":{"start":{"line":7,"column":2},"end":{"line":7,"column":14}},"loc":{"start":{"line":7,"column":27},"end":{"line":10,"column":3}}},"1":{"name":"(anonymous_1)","decl":{"start":{"line":12,"column":2},"end":{"line":12,"column":7}},"loc":{"start":{"line":12,"column":12},"end":{"line":14,"column":3}}},"2":{"name":"(anonymous_2)","decl":{"start":{"line":16,"column":2},"end":{"line":16,"column":16}},"loc":{"start":{"line":16,"column":16},"end":{"line":40,"column":3}}},"3":{"name":"(anonymous_3)","decl":{"start":{"line":20,"column":21},"end":{"line":20,"column":22}},"loc":{"start":{"line":20,"column":40},"end":{"line":39,"column":5}}},"4":{"name":"(anonymous_4)","decl":{"start":{"line":42,"column":2},"end":{"line":42,"column":13}},"loc":{"start":{"line":42,"column":65},"end":{"line":62,"column":3}}},"5":{"name":"(anonymous_5)","decl":{"start":{"line":64,"column":2},"end":{"line":64,"column":14}},"loc":{"start":{"line":64,"column":66},"end":{"line":70,"column":3}}},"6":{"name":"(anonymous_6)","decl":{"start":{"line":72,"column":2},"end":{"line":72,"column":12}},"loc":{"start":{"line":72,"column":79},"end":{"line":77,"column":3}}},"7":{"name":"(anonymous_7)","decl":{"start":{"line":79,"column":2},"end":{"line":79,"column":17}},"loc":{"start":{"line":79,"column":86},"end":{"line":89,"column":3}}},"8":{"name":"(anonymous_8)","decl":{"start":{"line":82,"column":25},"end":{"line":82,"column":26}},"loc":{"start":{"line":83,"column":6},"end":{"line":87,"column":60}}},"9":{"name":"(anonymous_9)","decl":{"start":{"line":91,"column":2},"end":{"line":91,"column":15}},"loc":{"start":{"line":91,"column":28},"end":{"line":96,"column":3}}}},"branchMap":{"0":{"loc":{"start":{"line":7,"column":14},"end":{"line":7,"column":27}},"type":"default-arg","locations":[{"start":{"line":7,"column":26},"end":{"line":7,"column":27}}]},"1":{"loc":{"start":{"line":25,"column":6},"end":{"line":33,"column":7}},"type":"if","locations":[{"start":{"line":25,"column":6},"end":{"line":33,"column":7}},{"start":{"line":27,"column":13},"end":{"line":33,"column":7}}]},"2":{"loc":{"start":{"line":27,"column":13},"end":{"line":33,"column":7}},"type":"if","locations":[{"start":{"line":27,"column":13},"end":{"line":33,"column":7}},{"start":{"line":29,"column":13},"end":{"line":33,"column":7}}]},"3":{"loc":{"start":{"line":29,"column":13},"end":{"line":33,"column":7}},"type":"if","locations":[{"start":{"line":29,"column":13},"end":{"line":33,"column":7}},{"start":{"line":31,"column":13},"end":{"line":33,"column":7}}]},"4":{"loc":{"start":{"line":35,"column":6},"end":{"line":38,"column":7}},"type":"if","locations":[{"start":{"line":35,"column":6},"end":{"line":38,"column":7}}]},"5":{"loc":{"start":{"line":35,"column":10},"end":{"line":35,"column":78}},"type":"binary-expr","locations":[{"start":{"line":35,"column":10},"end":{"line":35,"column":23}},{"start":{"line":35,"column":27},"end":{"line":35,"column":50}},{"start":{"line":35,"column":54},"end":{"line":35,"column":78}}]},"6":{"loc":{"start":{"line":36,"column":26},"end":{"line":36,"column":45}},"type":"binary-expr","locations":[{"start":{"line":36,"column":26},"end":{"line":36,"column":36}},{"start":{"line":36,"column":40},"end":{"line":36,"column":45}}]},"7":{"loc":{"start":{"line":46,"column":4},"end":{"line":46,"column":33}},"type":"if","locations":[{"start":{"line":46,"column":4},"end":{"line":46,"column":33}}]},"8":{"loc":{"start":{"line":57,"column":4},"end":{"line":57,"column":54}},"type":"if","locations":[{"start":{"line":57,"column":4},"end":{"line":57,"column":54}}]},"9":{"loc":{"start":{"line":57,"column":8},"end":{"line":57,"column":25}},"type":"binary-expr","locations":[{"start":{"line":57,"column":8},"end":{"line":57,"column":13}},{"start":{"line":57,"column":17},"end":{"line":57,"column":25}}]},"10":{"loc":{"start":{"line":58,"column":4},"end":{"line":58,"column":52}},"type":"if","locations":[{"start":{"line":58,"column":4},"end":{"line":58,"column":52}}]},"11":{"loc":{"start":{"line":58,"column":8},"end":{"line":58,"column":25}},"type":"binary-expr","locations":[{"start":{"line":58,"column":8},"end":{"line":58,"column":14}},{"start":{"line":58,"column":18},"end":{"line":58,"column":25}}]},"12":{"loc":{"start":{"line":59,"column":4},"end":{"line":59,"column":43}},"type":"if","locations":[{"start":{"line":59,"column":4},"end":{"line":59,"column":43}}]},"13":{"loc":{"start":{"line":67,"column":4},"end":{"line":67,"column":52}},"type":"if","locations":[{"start":{"line":67,"column":4},"end":{"line":67,"column":52}}]},"14":{"loc":{"start":{"line":67,"column":8},"end":{"line":67,"column":37}},"type":"binary-expr","locations":[{"start":{"line":67,"column":8},"end":{"line":67,"column":16}},{"start":{"line":67,"column":20},"end":{"line":67,"column":37}}]},"15":{"loc":{"start":{"line":73,"column":22},"end":{"line":73,"column":64}},"type":"binary-expr","locations":[{"start":{"line":73,"column":22},"end":{"line":73,"column":33}},{"start":{"line":73,"column":37},"end":{"line":73,"column":64}}]},"16":{"loc":{"start":{"line":74,"column":15},"end":{"line":74,"column":85}},"type":"cond-expr","locations":[{"start":{"line":74,"column":36},"end":{"line":74,"column":78}},{"start":{"line":74,"column":81},"end":{"line":74,"column":85}}]},"17":{"loc":{"start":{"line":75,"column":4},"end":{"line":75,"column":26}},"type":"if","locations":[{"start":{"line":75,"column":4},"end":{"line":75,"column":26}}]},"18":{"loc":{"start":{"line":76,"column":13},"end":{"line":76,"column":97}},"type":"binary-expr","locations":[{"start":{"line":76,"column":13},"end":{"line":76,"column":29}},{"start":{"line":76,"column":33},"end":{"line":76,"column":52}},{"start":{"line":76,"column":56},"end":{"line":76,"column":73}},{"start":{"line":76,"column":77},"end":{"line":76,"column":97}}]},"19":{"loc":{"start":{"line":82,"column":11},"end":{"line":88,"column":29}},"type":"binary-expr","locations":[{"start":{"line":82,"column":11},"end":{"line":88,"column":6}},{"start":{"line":88,"column":10},"end":{"line":88,"column":21}},{"start":{"line":88,"column":25},"end":{"line":88,"column":29}}]},"20":{"loc":{"start":{"line":83,"column":6},"end":{"line":87,"column":60}},"type":"binary-expr","locations":[{"start":{"line":83,"column":6},"end":{"line":83,"column":20}},{"start":{"line":84,"column":9},"end":{"line":84,"column":36}},{"start":{"line":85,"column":9},"end":{"line":85,"column":59}},{"start":{"line":86,"column":9},"end":{"line":86,"column":36}},{"start":{"line":87,"column":9},"end":{"line":87,"column":60}}]},"21":{"loc":{"start":{"line":92,"column":4},"end":{"line":92,"column":30}},"type":"if","locations":[{"start":{"line":92,"column":4},"end":{"line":92,"column":30}}]},"22":{"loc":{"start":{"line":95,"column":11},"end":{"line":95,"column":36}},"type":"cond-expr","locations":[{"start":{"line":95,"column":24},"end":{"line":95,"column":29}},{"start":{"line":95,"column":32},"end":{"line":95,"column":36}}]}},"s":{"0":1,"1":25,"2":25,"3":7,"4":7,"5":7,"6":7,"7":6,"8":6,"9":6,"10":6,"11":2,"12":4,"13":1,"14":3,"15":1,"16":2,"17":6,"18":5,"19":5,"20":6,"21":6,"22":6,"23":6,"24":1,"25":5,"26":5,"27":5,"28":5,"29":5,"30":5,"31":5,"32":5,"33":3,"34":5,"35":3,"36":5,"37":2,"38":5,"39":5,"40":5,"41":5,"42":2,"43":3,"44":3,"45":6,"46":6,"47":6,"48":4,"49":2,"50":11,"51":11,"52":11,"53":9,"54":8,"55":1,"56":7,"57":7,"58":7,"59":1},"f":{"0":25,"1":7,"2":7,"3":6,"4":6,"5":5,"6":6,"7":11,"8":9,"9":8},"b":{"0":[23],"1":[2,4],"2":[1,3],"3":[1,2],"4":[5],"5":[6,6,6],"6":[5,4],"7":[1],"8":[3],"9":[5,3],"10":[3],"11":[5,2],"12":[2],"13":[2],"14":[5,4],"15":[6,6],"16":[5,1],"17":[4],"18":[2,2,2,2],"19":[11,3,2],"20":[9,9,9,9,9],"21":[1],"22":[5,2]}}
,"C:\\Users\\Laura\\clod-pet\\frontend\\src\\logger.ts": {"path":"C:\\Users\\Laura\\clod-pet\\frontend\\src\\logger.ts","statementMap":{"0":{"start":{"line":1,"column":0},"end":{"line":1,"column":26}},"1":{"start":{"line":2,"column":0},"end":{"line":2,"column":30}},"2":{"start":{"line":4,"column":43},"end":{"line":4,"column":83}},"3":{"start":{"line":5,"column":15},"end":{"line":6,"column":72}},"4":{"start":{"line":13,"column":4},"end":{"line":13,"column":21}},"5":{"start":{"line":14,"column":4},"end":{"line":14,"column":54}},"6":{"start":{"line":18,"column":4},"end":{"line":18,"column":31}},"7":{"start":{"line":22,"column":4},"end":{"line":22,"column":30}},"8":{"start":{"line":26,"column":4},"end":{"line":26,"column":30}},"9":{"start":{"line":30,"column":4},"end":{"line":30,"column":31}},"10":{"start":{"line":34,"column":4},"end":{"line":34,"column":47}},"11":{"start":{"line":34,"column":40},"end":{"line":34,"column":47}},"12":{"start":{"line":36,"column":17},"end":{"line":36,"column":107}},"13":{"start":{"line":37,"column":26},"end":{"line":37,"column":55}},"14":{"start":{"line":38,"column":4},"end":{"line":38,"column":45}},"15":{"start":{"line":40,"column":4},"end":{"line":46,"column":5}},"16":{"start":{"line":41,"column":6},"end":{"line":41,"column":48}},"17":{"start":{"line":42,"column":6},"end":{"line":42,"column":76}},"18":{"start":{"line":43,"column":6},"end":{"line":43,"column":67}},"19":{"start":{"line":51,"column":19},"end":{"line":51,"column":76}},"20":{"start":{"line":52,"column":2},"end":{"line":52,"column":36}},"21":{"start":{"line":56,"column":2},"end":{"line":56,"column":79}},"22":{"start":{"line":56,"column":28},"end":{"line":56,"column":79}},"23":{"start":{"line":57,"column":2},"end":{"line":57,"column":42}},"24":{"start":{"line":57,"column":31},"end":{"line":57,"column":42}},"25":{"start":{"line":58,"column":2},"end":{"line":62,"column":3}},"26":{"start":{"line":59,"column":4},"end":{"line":59,"column":31}},"27":{"start":{"line":61,"column":4},"end":{"line":61,"column":23}},"28":{"start":{"line":66,"column":2},"end":{"line":66,"column":16}},"29":{"start":{"line":69,"column":0},"end":{"line":69,"column":57}}},"fnMap":{"0":{"name":"(anonymous_0)","decl":{"start":{"line":12,"column":2},"end":{"line":12,"column":14}},"loc":{"start":{"line":12,"column":42},"end":{"line":15,"column":3}}},"1":{"name":"(anonymous_1)","decl":{"start":{"line":17,"column":2},"end":{"line":17,"column":7}},"loc":{"start":{"line":17,"column":15},"end":{"line":19,"column":3}}},"2":{"name":"(anonymous_2)","decl":{"start":{"line":21,"column":2},"end":{"line":21,"column":6}},"loc":{"start":{"line":21,"column":14},"end":{"line":23,"column":3}}},"3":{"name":"(anonymous_3)","decl":{"start":{"line":25,"column":2},"end":{"line":25,"column":6}},"loc":{"start":{"line":25,"column":14},"end":{"line":27,"column":3}}},"4":{"name":"(anonymous_4)","decl":{"start":{"line":29,"column":2},"end":{"line":29,"column":7}},"loc":{"start":{"line":29,"column":15},"end":{"line":31,"column":3}}},"5":{"name":"(anonymous_5)","decl":{"start":{"line":33,"column":2},"end":{"line":33,"column":8}},"loc":{"start":{"line":33,"column":39},"end":{"line":47,"column":3}}},"6":{"name":"createLogger","decl":{"start":{"line":50,"column":9},"end":{"line":50,"column":21}},"loc":{"start":{"line":50,"column":34},"end":{"line":53,"column":1}}},"7":{"name":"formatArg","decl":{"start":{"line":55,"column":9},"end":{"line":55,"column":18}},"loc":{"start":{"line":55,"column":31},"end":{"line":63,"column":1}}},"8":{"name":"getLogDir","decl":{"start":{"line":65,"column":9},"end":{"line":65,"column":18}},"loc":{"start":{"line":65,"column":18},"end":{"line":67,"column":1}}}},"branchMap":{"0":{"loc":{"start":{"line":5,"column":15},"end":{"line":6,"column":72}},"type":"binary-expr","locations":[{"start":{"line":5,"column":15},"end":{"line":5,"column":43}},{"start":{"line":6,"column":5},"end":{"line":6,"column":72}}]},"1":{"loc":{"start":{"line":6,"column":15},"end":{"line":6,"column":51}},"type":"binary-expr","locations":[{"start":{"line":6,"column":15},"end":{"line":6,"column":34}},{"start":{"line":6,"column":38},"end":{"line":6,"column":51}}]},"2":{"loc":{"start":{"line":12,"column":28},"end":{"line":12,"column":42}},"type":"default-arg","locations":[{"start":{"line":12,"column":36},"end":{"line":12,"column":42}}]},"3":{"loc":{"start":{"line":14,"column":17},"end":{"line":14,"column":53}},"type":"binary-expr","locations":[{"start":{"line":14,"column":17},"end":{"line":14,"column":34}},{"start":{"line":14,"column":38},"end":{"line":14,"column":53}}]},"4":{"loc":{"start":{"line":34,"column":4},"end":{"line":34,"column":47}},"type":"if","locations":[{"start":{"line":34,"column":4},"end":{"line":34,"column":47}}]},"5":{"loc":{"start":{"line":37,"column":26},"end":{"line":37,"column":55}},"type":"binary-expr","locations":[{"start":{"line":37,"column":26},"end":{"line":37,"column":40}},{"start":{"line":37,"column":44},"end":{"line":37,"column":55}}]},"6":{"loc":{"start":{"line":51,"column":19},"end":{"line":51,"column":76}},"type":"cond-expr","locations":[{"start":{"line":51,"column":60},"end":{"line":51,"column":67}},{"start":{"line":51,"column":70},"end":{"line":51,"column":76}}]},"7":{"loc":{"start":{"line":56,"column":2},"end":{"line":56,"column":79}},"type":"if","locations":[{"start":{"line":56,"column":2},"end":{"line":56,"column":79}}]},"8":{"loc":{"start":{"line":56,"column":54},"end":{"line":56,"column":69}},"type":"binary-expr","locations":[{"start":{"line":56,"column":54},"end":{"line":56,"column":63}},{"start":{"line":56,"column":67},"end":{"line":56,"column":69}}]},"9":{"loc":{"start":{"line":57,"column":2},"end":{"line":57,"column":42}},"type":"if","locations":[{"start":{"line":57,"column":2},"end":{"line":57,"column":42}}]}},"s":{"0":3,"1":3,"2":3,"3":3,"4":16,"5":16,"6":5,"7":27,"8":7,"9":5,"10":44,"11":5,"12":39,"13":39,"14":39,"15":39,"16":39,"17":21,"18":21,"19":5,"20":5,"21":67,"22":2,"23":65,"24":48,"25":17,"26":17,"27":2,"28":1,"29":3},"f":{"0":16,"1":5,"2":27,"3":7,"4":5,"5":44,"6":5,"7":67,"8":1},"b":{"0":[3,3],"1":[3,0],"2":[1],"3":[16,1],"4":[5],"5":[39,0],"6":[1,4],"7":[2],"8":[2,0],"9":[48]}}
,"C:\\Users\\Laura\\clod-pet\\frontend\\src\\pet-manager.ts": {"path":"C:\\Users\\Laura\\clod-pet\\frontend\\src\\pet-manager.ts","statementMap":{"0":{"start":{"line":1,"column":0},"end":{"line":1,"column":58}},"1":{"start":{"line":2,"column":0},"end":{"line":2,"column":30}},"2":{"start":{"line":3,"column":0},"end":{"line":3,"column":45}},"3":{"start":{"line":4,"column":0},"end":{"line":4,"column":51}},"4":{"start":{"line":5,"column":0},"end":{"line":5,"column":53}},"5":{"start":{"line":6,"column":0},"end":{"line":6,"column":36}},"6":{"start":{"line":8,"column":12},"end":{"line":8,"column":46}},"7":{"start":{"line":9,"column":23},"end":{"line":15,"column":2}},"8":{"start":{"line":28,"column":4},"end":{"line":28,"column":52}},"9":{"start":{"line":29,"column":4},"end":{"line":29,"column":45}},"10":{"start":{"line":30,"column":4},"end":{"line":30,"column":47}},"11":{"start":{"line":31,"column":4},"end":{"line":31,"column":26}},"12":{"start":{"line":32,"column":4},"end":{"line":32,"column":39}},"13":{"start":{"line":33,"column":4},"end":{"line":33,"column":39}},"14":{"start":{"line":34,"column":4},"end":{"line":34,"column":26}},"15":{"start":{"line":35,"column":4},"end":{"line":35,"column":28}},"16":{"start":{"line":39,"column":4},"end":{"line":39,"column":37}},"17":{"start":{"line":40,"column":4},"end":{"line":40,"column":29}},"18":{"start":{"line":42,"column":4},"end":{"line":51,"column":7}},"19":{"start":{"line":43,"column":26},"end":{"line":43,"column":54}},"20":{"start":{"line":44,"column":6},"end":{"line":44,"column":36}},"21":{"start":{"line":44,"column":24},"end":{"line":44,"column":36}},"22":{"start":{"line":45,"column":6},"end":{"line":50,"column":8}},"23":{"start":{"line":55,"column":4},"end":{"line":55,"column":38}},"24":{"start":{"line":56,"column":4},"end":{"line":56,"column":72}},"25":{"start":{"line":57,"column":20},"end":{"line":57,"column":61}},"26":{"start":{"line":58,"column":4},"end":{"line":58,"column":65}},"27":{"start":{"line":60,"column":4},"end":{"line":63,"column":5}},"28":{"start":{"line":61,"column":6},"end":{"line":61,"column":64}},"29":{"start":{"line":62,"column":6},"end":{"line":62,"column":64}},"30":{"start":{"line":65,"column":22},"end":{"line":65,"column":71}},"31":{"start":{"line":66,"column":25},"end":{"line":66,"column":54}},"32":{"start":{"line":67,"column":4},"end":{"line":70,"column":5}},"33":{"start":{"line":68,"column":6},"end":{"line":68,"column":57}},"34":{"start":{"line":69,"column":6},"end":{"line":69,"column":57}},"35":{"start":{"line":72,"column":4},"end":{"line":78,"column":6}},"36":{"start":{"line":80,"column":21},"end":{"line":80,"column":56}},"37":{"start":{"line":81,"column":14},"end":{"line":81,"column":69}},"38":{"start":{"line":82,"column":14},"end":{"line":82,"column":76}},"39":{"start":{"line":84,"column":16},"end":{"line":88,"column":6}},"40":{"start":{"line":90,"column":4},"end":{"line":90,"column":52}},"41":{"start":{"line":92,"column":21},"end":{"line":101,"column":6}},"42":{"start":{"line":103,"column":4},"end":{"line":103,"column":51}},"43":{"start":{"line":104,"column":4},"end":{"line":104,"column":55}},"44":{"start":{"line":106,"column":18},"end":{"line":106,"column":39}},"45":{"start":{"line":107,"column":24},"end":{"line":107,"column":98}},"46":{"start":{"line":109,"column":16},"end":{"line":109,"column":21}},"47":{"start":{"line":110,"column":26},"end":{"line":115,"column":5}},"48":{"start":{"line":111,"column":6},"end":{"line":111,"column":45}},"49":{"start":{"line":111,"column":38},"end":{"line":111,"column":45}},"50":{"start":{"line":112,"column":6},"end":{"line":112,"column":19}},"51":{"start":{"line":113,"column":6},"end":{"line":113,"column":57}},"52":{"start":{"line":114,"column":6},"end":{"line":114,"column":25}},"53":{"start":{"line":117,"column":4},"end":{"line":117,"column":45}},"54":{"start":{"line":119,"column":4},"end":{"line":124,"column":7}},"55":{"start":{"line":120,"column":6},"end":{"line":120,"column":47}},"56":{"start":{"line":121,"column":6},"end":{"line":121,"column":29}},"57":{"start":{"line":122,"column":6},"end":{"line":122,"column":48}},"58":{"start":{"line":123,"column":6},"end":{"line":123,"column":36}},"59":{"start":{"line":126,"column":4},"end":{"line":128,"column":7}},"60":{"start":{"line":127,"column":6},"end":{"line":127,"column":38}},"61":{"start":{"line":130,"column":4},"end":{"line":136,"column":7}},"62":{"start":{"line":131,"column":6},"end":{"line":134,"column":7}},"63":{"start":{"line":132,"column":8},"end":{"line":132,"column":60}},"64":{"start":{"line":133,"column":8},"end":{"line":133,"column":48}},"65":{"start":{"line":135,"column":6},"end":{"line":135,"column":62}},"66":{"start":{"line":135,"column":29},"end":{"line":135,"column":62}},"67":{"start":{"line":138,"column":4},"end":{"line":138,"column":22}},"68":{"start":{"line":139,"column":4},"end":{"line":139,"column":33}},"69":{"start":{"line":143,"column":18},"end":{"line":143,"column":38}},"70":{"start":{"line":144,"column":4},"end":{"line":146,"column":5}},"71":{"start":{"line":145,"column":6},"end":{"line":145,"column":49}},"72":{"start":{"line":148,"column":4},"end":{"line":148,"column":46}},"73":{"start":{"line":149,"column":4},"end":{"line":149,"column":28}},"74":{"start":{"line":150,"column":4},"end":{"line":150,"column":54}},"75":{"start":{"line":150,"column":24},"end":{"line":150,"column":54}},"76":{"start":{"line":151,"column":4},"end":{"line":151,"column":46}},"77":{"start":{"line":152,"column":4},"end":{"line":152,"column":16}},"78":{"start":{"line":156,"column":18},"end":{"line":156,"column":38}},"79":{"start":{"line":157,"column":4},"end":{"line":157,"column":41}},"80":{"start":{"line":157,"column":34},"end":{"line":157,"column":41}},"81":{"start":{"line":159,"column":17},"end":{"line":206,"column":5}},"82":{"start":{"line":160,"column":23},"end":{"line":160,"column":43}},"83":{"start":{"line":161,"column":6},"end":{"line":161,"column":78}},"84":{"start":{"line":161,"column":71},"end":{"line":161,"column":78}},"85":{"start":{"line":163,"column":6},"end":{"line":205,"column":7}},"86":{"start":{"line":164,"column":29},"end":{"line":164,"column":55}},"87":{"start":{"line":165,"column":29},"end":{"line":165,"column":51}},"88":{"start":{"line":167,"column":27},"end":{"line":167,"column":82}},"89":{"start":{"line":168,"column":26},"end":{"line":168,"column":62}},"90":{"start":{"line":169,"column":24},"end":{"line":169,"column":80}},"91":{"start":{"line":171,"column":23},"end":{"line":171,"column":82}},"92":{"start":{"line":172,"column":8},"end":{"line":172,"column":34}},"93":{"start":{"line":174,"column":8},"end":{"line":180,"column":10}},"94":{"start":{"line":182,"column":8},"end":{"line":190,"column":9}},"95":{"start":{"line":183,"column":25},"end":{"line":183,"column":65}},"96":{"start":{"line":184,"column":10},"end":{"line":184,"column":82}},"97":{"start":{"line":185,"column":10},"end":{"line":189,"column":13}},"98":{"start":{"line":192,"column":8},"end":{"line":195,"column":9}},"99":{"start":{"line":193,"column":10},"end":{"line":193,"column":43}},"100":{"start":{"line":194,"column":10},"end":{"line":194,"column":68}},"101":{"start":{"line":197,"column":8},"end":{"line":197,"column":65}},"102":{"start":{"line":198,"column":8},"end":{"line":198,"column":45}},"103":{"start":{"line":199,"column":8},"end":{"line":199,"column":37}},"104":{"start":{"line":200,"column":8},"end":{"line":200,"column":49}},"105":{"start":{"line":201,"column":8},"end":{"line":204,"column":9}},"106":{"start":{"line":202,"column":10},"end":{"line":202,"column":43}},"107":{"start":{"line":203,"column":10},"end":{"line":203,"column":35}},"108":{"start":{"line":208,"column":4},"end":{"line":208,"column":54}},"109":{"start":{"line":208,"column":24},"end":{"line":208,"column":54}},"110":{"start":{"line":209,"column":4},"end":{"line":209,"column":44}},"111":{"start":{"line":213,"column":4},"end":{"line":213,"column":75}},"112":{"start":{"line":213,"column":48},"end":{"line":213,"column":75}},"113":{"start":{"line":214,"column":4},"end":{"line":214,"column":70}},"114":{"start":{"line":214,"column":40},"end":{"line":214,"column":70}},"115":{"start":{"line":215,"column":4},"end":{"line":215,"column":68}},"116":{"start":{"line":215,"column":39},"end":{"line":215,"column":68}},"117":{"start":{"line":216,"column":4},"end":{"line":216,"column":76}},"118":{"start":{"line":216,"column":43},"end":{"line":216,"column":76}},"119":{"start":{"line":217,"column":4},"end":{"line":217,"column":72}},"120":{"start":{"line":217,"column":41},"end":{"line":217,"column":72}},"121":{"start":{"line":218,"column":4},"end":{"line":218,"column":31}},"122":{"start":{"line":222,"column":4},"end":{"line":222,"column":43}},"123":{"start":{"line":222,"column":36},"end":{"line":222,"column":43}},"124":{"start":{"line":223,"column":4},"end":{"line":223,"column":38}},"125":{"start":{"line":225,"column":4},"end":{"line":229,"column":7}},"126":{"start":{"line":226,"column":18},"end":{"line":226,"column":61}},"127":{"start":{"line":227,"column":20},"end":{"line":227,"column":47}},"128":{"start":{"line":228,"column":6},"end":{"line":228,"column":85}},"129":{"start":{"line":228,"column":17},"end":{"line":228,"column":85}},"130":{"start":{"line":231,"column":4},"end":{"line":238,"column":7}},"131":{"start":{"line":232,"column":18},"end":{"line":232,"column":61}},"132":{"start":{"line":233,"column":20},"end":{"line":233,"column":47}},"133":{"start":{"line":234,"column":6},"end":{"line":237,"column":7}},"134":{"start":{"line":235,"column":8},"end":{"line":235,"column":58}},"135":{"start":{"line":236,"column":8},"end":{"line":236,"column":88}},"136":{"start":{"line":236,"column":32},"end":{"line":236,"column":88}},"137":{"start":{"line":240,"column":4},"end":{"line":244,"column":7}},"138":{"start":{"line":241,"column":18},"end":{"line":241,"column":61}},"139":{"start":{"line":242,"column":20},"end":{"line":242,"column":47}},"140":{"start":{"line":243,"column":6},"end":{"line":243,"column":51}},"141":{"start":{"line":243,"column":17},"end":{"line":243,"column":51}},"142":{"start":{"line":248,"column":4},"end":{"line":252,"column":5}},"143":{"start":{"line":249,"column":6},"end":{"line":249,"column":31}},"144":{"start":{"line":251,"column":6},"end":{"line":251,"column":20}},"145":{"start":{"line":256,"column":4},"end":{"line":256,"column":60}},"146":{"start":{"line":260,"column":4},"end":{"line":260,"column":40}},"147":{"start":{"line":264,"column":4},"end":{"line":275,"column":6}},"148":{"start":{"line":269,"column":72},"end":{"line":274,"column":8}},"149":{"start":{"line":279,"column":0},"end":{"line":279,"column":20}}},"fnMap":{"0":{"name":"(anonymous_0)","decl":{"start":{"line":27,"column":2},"end":{"line":27,"column":14}},"loc":{"start":{"line":27,"column":32},"end":{"line":36,"column":3}}},"1":{"name":"(anonymous_1)","decl":{"start":{"line":38,"column":2},"end":{"line":38,"column":7}},"loc":{"start":{"line":38,"column":12},"end":{"line":52,"column":3}}},"2":{"name":"(anonymous_2)","decl":{"start":{"line":42,"column":35},"end":{"line":42,"column":36}},"loc":{"start":{"line":42,"column":53},"end":{"line":51,"column":5}}},"3":{"name":"(anonymous_3)","decl":{"start":{"line":54,"column":2},"end":{"line":54,"column":7}},"loc":{"start":{"line":54,"column":53},"end":{"line":140,"column":3}}},"4":{"name":"(anonymous_4)","decl":{"start":{"line":110,"column":26},"end":{"line":110,"column":29}},"loc":{"start":{"line":110,"column":31},"end":{"line":115,"column":5}}},"5":{"name":"(anonymous_5)","decl":{"start":{"line":119,"column":42},"end":{"line":119,"column":45}},"loc":{"start":{"line":119,"column":47},"end":{"line":124,"column":5}}},"6":{"name":"(anonymous_6)","decl":{"start":{"line":126,"column":34},"end":{"line":126,"column":37}},"loc":{"start":{"line":126,"column":39},"end":{"line":128,"column":5}}},"7":{"name":"(anonymous_7)","decl":{"start":{"line":130,"column":21},"end":{"line":130,"column":24}},"loc":{"start":{"line":130,"column":26},"end":{"line":136,"column":5}}},"8":{"name":"(anonymous_8)","decl":{"start":{"line":142,"column":2},"end":{"line":142,"column":7}},"loc":{"start":{"line":142,"column":31},"end":{"line":153,"column":3}}},"9":{"name":"(anonymous_9)","decl":{"start":{"line":155,"column":2},"end":{"line":155,"column":15}},"loc":{"start":{"line":155,"column":29},"end":{"line":210,"column":3}}},"10":{"name":"(anonymous_10)","decl":{"start":{"line":159,"column":17},"end":{"line":159,"column":22}},"loc":{"start":{"line":159,"column":28},"end":{"line":206,"column":5}}},"11":{"name":"(anonymous_11)","decl":{"start":{"line":212,"column":2},"end":{"line":212,"column":21}},"loc":{"start":{"line":212,"column":42},"end":{"line":219,"column":3}}},"12":{"name":"(anonymous_12)","decl":{"start":{"line":221,"column":2},"end":{"line":221,"column":19}},"loc":{"start":{"line":221,"column":19},"end":{"line":245,"column":3}}},"13":{"name":"(anonymous_13)","decl":{"start":{"line":225,"column":27},"end":{"line":225,"column":28}},"loc":{"start":{"line":225,"column":37},"end":{"line":229,"column":5}}},"14":{"name":"(anonymous_14)","decl":{"start":{"line":231,"column":32},"end":{"line":231,"column":33}},"loc":{"start":{"line":231,"column":48},"end":{"line":238,"column":5}}},"15":{"name":"(anonymous_15)","decl":{"start":{"line":240,"column":27},"end":{"line":240,"column":28}},"loc":{"start":{"line":240,"column":37},"end":{"line":244,"column":5}}},"16":{"name":"(anonymous_16)","decl":{"start":{"line":247,"column":2},"end":{"line":247,"column":21}},"loc":{"start":{"line":247,"column":30},"end":{"line":253,"column":3}}},"17":{"name":"(anonymous_17)","decl":{"start":{"line":255,"column":2},"end":{"line":255,"column":19}},"loc":{"start":{"line":255,"column":28},"end":{"line":257,"column":3}}},"18":{"name":"(anonymous_18)","decl":{"start":{"line":259,"column":2},"end":{"line":259,"column":12}},"loc":{"start":{"line":259,"column":12},"end":{"line":261,"column":3}}},"19":{"name":"(anonymous_19)","decl":{"start":{"line":263,"column":2},"end":{"line":263,"column":16}},"loc":{"start":{"line":263,"column":16},"end":{"line":276,"column":3}}},"20":{"name":"(anonymous_20)","decl":{"start":{"line":269,"column":54},"end":{"line":269,"column":55}},"loc":{"start":{"line":269,"column":72},"end":{"line":274,"column":8}}}},"branchMap":{"0":{"loc":{"start":{"line":44,"column":6},"end":{"line":44,"column":36}},"type":"if","locations":[{"start":{"line":44,"column":6},"end":{"line":44,"column":36}}]},"1":{"loc":{"start":{"line":54,"column":42},"end":{"line":54,"column":53}},"type":"default-arg","locations":[{"start":{"line":54,"column":52},"end":{"line":54,"column":53}}]},"2":{"loc":{"start":{"line":58,"column":33},"end":{"line":58,"column":63}},"type":"cond-expr","locations":[{"start":{"line":58,"column":43},"end":{"line":58,"column":52}},{"start":{"line":58,"column":55},"end":{"line":58,"column":63}}]},"3":{"loc":{"start":{"line":60,"column":4},"end":{"line":63,"column":5}},"type":"if","locations":[{"start":{"line":60,"column":4},"end":{"line":63,"column":5}}]},"4":{"loc":{"start":{"line":60,"column":8},"end":{"line":60,"column":79}},"type":"binary-expr","locations":[{"start":{"line":60,"column":8},"end":{"line":60,"column":16}},{"start":{"line":60,"column":20},"end":{"line":60,"column":39}},{"start":{"line":60,"column":43},"end":{"line":60,"column":59}},{"start":{"line":60,"column":63},"end":{"line":60,"column":79}}]},"5":{"loc":{"start":{"line":66,"column":25},"end":{"line":66,"column":54}},"type":"binary-expr","locations":[{"start":{"line":66,"column":25},"end":{"line":66,"column":34}},{"start":{"line":66,"column":38},"end":{"line":66,"column":54}}]},"6":{"loc":{"start":{"line":67,"column":4},"end":{"line":70,"column":5}},"type":"if","locations":[{"start":{"line":67,"column":4},"end":{"line":70,"column":5}}]},"7":{"loc":{"start":{"line":111,"column":6},"end":{"line":111,"column":45}},"type":"if","locations":[{"start":{"line":111,"column":6},"end":{"line":111,"column":45}}]},"8":{"loc":{"start":{"line":111,"column":10},"end":{"line":111,"column":36}},"type":"binary-expr","locations":[{"start":{"line":111,"column":10},"end":{"line":111,"column":15}},{"start":{"line":111,"column":19},"end":{"line":111,"column":36}}]},"9":{"loc":{"start":{"line":131,"column":6},"end":{"line":134,"column":7}},"type":"if","locations":[{"start":{"line":131,"column":6},"end":{"line":134,"column":7}}]},"10":{"loc":{"start":{"line":135,"column":6},"end":{"line":135,"column":62}},"type":"if","locations":[{"start":{"line":135,"column":6},"end":{"line":135,"column":62}}]},"11":{"loc":{"start":{"line":144,"column":4},"end":{"line":146,"column":5}},"type":"if","locations":[{"start":{"line":144,"column":4},"end":{"line":146,"column":5}}]},"12":{"loc":{"start":{"line":150,"column":4},"end":{"line":150,"column":54}},"type":"if","locations":[{"start":{"line":150,"column":4},"end":{"line":150,"column":54}}]},"13":{"loc":{"start":{"line":157,"column":4},"end":{"line":157,"column":41}},"type":"if","locations":[{"start":{"line":157,"column":4},"end":{"line":157,"column":41}}]},"14":{"loc":{"start":{"line":157,"column":8},"end":{"line":157,"column":32}},"type":"binary-expr","locations":[{"start":{"line":157,"column":8},"end":{"line":157,"column":14}},{"start":{"line":157,"column":18},"end":{"line":157,"column":32}}]},"15":{"loc":{"start":{"line":161,"column":6},"end":{"line":161,"column":78}},"type":"if","locations":[{"start":{"line":161,"column":6},"end":{"line":161,"column":78}}]},"16":{"loc":{"start":{"line":161,"column":10},"end":{"line":161,"column":69}},"type":"binary-expr","locations":[{"start":{"line":161,"column":10},"end":{"line":161,"column":19}},{"start":{"line":161,"column":23},"end":{"line":161,"column":39}},{"start":{"line":161,"column":43},"end":{"line":161,"column":69}}]},"17":{"loc":{"start":{"line":182,"column":8},"end":{"line":190,"column":9}},"type":"if","locations":[{"start":{"line":182,"column":8},"end":{"line":190,"column":9}}]},"18":{"loc":{"start":{"line":183,"column":26},"end":{"line":183,"column":39}},"type":"binary-expr","locations":[{"start":{"line":183,"column":26},"end":{"line":183,"column":34}},{"start":{"line":183,"column":38},"end":{"line":183,"column":39}}]},"19":{"loc":{"start":{"line":183,"column":44},"end":{"line":183,"column":64}},"type":"binary-expr","locations":[{"start":{"line":183,"column":44},"end":{"line":183,"column":59}},{"start":{"line":183,"column":63},"end":{"line":183,"column":64}}]},"20":{"loc":{"start":{"line":184,"column":46},"end":{"line":184,"column":59}},"type":"binary-expr","locations":[{"start":{"line":184,"column":46},"end":{"line":184,"column":54}},{"start":{"line":184,"column":58},"end":{"line":184,"column":59}}]},"21":{"loc":{"start":{"line":188,"column":21},"end":{"line":188,"column":42}},"type":"binary-expr","locations":[{"start":{"line":188,"column":21},"end":{"line":188,"column":35}},{"start":{"line":188,"column":39},"end":{"line":188,"column":42}}]},"22":{"loc":{"start":{"line":192,"column":8},"end":{"line":195,"column":9}},"type":"if","locations":[{"start":{"line":192,"column":8},"end":{"line":195,"column":9}}]},"23":{"loc":{"start":{"line":192,"column":12},"end":{"line":192,"column":55}},"type":"binary-expr","locations":[{"start":{"line":192,"column":12},"end":{"line":192,"column":34}},{"start":{"line":192,"column":38},"end":{"line":192,"column":55}}]},"24":{"loc":{"start":{"line":197,"column":33},"end":{"line":197,"column":59}},"type":"binary-expr","locations":[{"start":{"line":197,"column":33},"end":{"line":197,"column":54}},{"start":{"line":197,"column":58},"end":{"line":197,"column":59}}]},"25":{"loc":{"start":{"line":201,"column":8},"end":{"line":204,"column":9}},"type":"if","locations":[{"start":{"line":201,"column":8},"end":{"line":204,"column":9}}]},"26":{"loc":{"start":{"line":201,"column":12},"end":{"line":201,"column":59}},"type":"binary-expr","locations":[{"start":{"line":201,"column":12},"end":{"line":201,"column":38}},{"start":{"line":201,"column":42},"end":{"line":201,"column":59}}]},"27":{"loc":{"start":{"line":208,"column":4},"end":{"line":208,"column":54}},"type":"if","locations":[{"start":{"line":208,"column":4},"end":{"line":208,"column":54}}]},"28":{"loc":{"start":{"line":213,"column":4},"end":{"line":213,"column":75}},"type":"if","locations":[{"start":{"line":213,"column":4},"end":{"line":213,"column":75}}]},"29":{"loc":{"start":{"line":213,"column":8},"end":{"line":213,"column":46}},"type":"binary-expr","locations":[{"start":{"line":213,"column":8},"end":{"line":213,"column":19}},{"start":{"line":213,"column":23},"end":{"line":213,"column":46}}]},"30":{"loc":{"start":{"line":214,"column":4},"end":{"line":214,"column":70}},"type":"if","locations":[{"start":{"line":214,"column":4},"end":{"line":214,"column":70}}]},"31":{"loc":{"start":{"line":215,"column":4},"end":{"line":215,"column":68}},"type":"if","locations":[{"start":{"line":215,"column":4},"end":{"line":215,"column":68}}]},"32":{"loc":{"start":{"line":216,"column":4},"end":{"line":216,"column":76}},"type":"if","locations":[{"start":{"line":216,"column":4},"end":{"line":216,"column":76}}]},"33":{"loc":{"start":{"line":217,"column":4},"end":{"line":217,"column":72}},"type":"if","locations":[{"start":{"line":217,"column":4},"end":{"line":217,"column":72}}]},"34":{"loc":{"start":{"line":222,"column":4},"end":{"line":222,"column":43}},"type":"if","locations":[{"start":{"line":222,"column":4},"end":{"line":222,"column":43}}]},"35":{"loc":{"start":{"line":228,"column":6},"end":{"line":228,"column":85}},"type":"if","locations":[{"start":{"line":228,"column":6},"end":{"line":228,"column":85}}]},"36":{"loc":{"start":{"line":234,"column":6},"end":{"line":237,"column":7}},"type":"if","locations":[{"start":{"line":234,"column":6},"end":{"line":237,"column":7}}]},"37":{"loc":{"start":{"line":236,"column":8},"end":{"line":236,"column":88}},"type":"if","locations":[{"start":{"line":236,"column":8},"end":{"line":236,"column":88}}]},"38":{"loc":{"start":{"line":243,"column":6},"end":{"line":243,"column":51}},"type":"if","locations":[{"start":{"line":243,"column":6},"end":{"line":243,"column":51}}]},"39":{"loc":{"start":{"line":256,"column":11},"end":{"line":256,"column":59}},"type":"cond-expr","locations":[{"start":{"line":256,"column":17},"end":{"line":256,"column":52}},{"start":{"line":256,"column":55},"end":{"line":256,"column":59}}]},"40":{"loc":{"start":{"line":256,"column":17},"end":{"line":256,"column":52}},"type":"binary-expr","locations":[{"start":{"line":256,"column":17},"end":{"line":256,"column":44}},{"start":{"line":256,"column":48},"end":{"line":256,"column":52}}]},"41":{"loc":{"start":{"line":271,"column":16},"end":{"line":271,"column":76}},"type":"cond-expr","locations":[{"start":{"line":271,"column":54},"end":{"line":271,"column":69}},{"start":{"line":271,"column":72},"end":{"line":271,"column":76}}]},"42":{"loc":{"start":{"line":272,"column":17},"end":{"line":272,"column":77}},"type":"cond-expr","locations":[{"start":{"line":272,"column":55},"end":{"line":272,"column":70}},{"start":{"line":272,"column":73},"end":{"line":272,"column":77}}]},"43":{"loc":{"start":{"line":273,"column":19},"end":{"line":273,"column":83}},"type":"cond-expr","locations":[{"start":{"line":273,"column":59},"end":{"line":273,"column":76}},{"start":{"line":273,"column":79},"end":{"line":273,"column":83}}]}},"s":{"0":1,"1":1,"2":1,"3":1,"4":1,"5":1,"6":1,"7":1,"8":25,"9":25,"10":25,"11":25,"12":25,"13":25,"14":25,"15":25,"16":5,"17":5,"18":5,"19":2,"20":2,"21":1,"22":1,"23":3,"24":3,"25":3,"26":3,"27":3,"28":1,"29":1,"30":2,"31":2,"32":2,"33":1,"34":1,"35":1,"36":1,"37":1,"38":1,"39":1,"40":1,"41":1,"42":1,"43":1,"44":1,"45":1,"46":1,"47":1,"48":1,"49":0,"50":1,"51":1,"52":1,"53":1,"54":1,"55":1,"56":1,"57":1,"58":1,"59":1,"60":1,"61":1,"62":1,"63":1,"64":1,"65":1,"66":1,"67":1,"68":1,"69":2,"70":2,"71":1,"72":1,"73":1,"74":1,"75":1,"76":1,"77":1,"78":3,"79":3,"80":0,"81":3,"82":8,"83":8,"84":1,"85":7,"86":7,"87":7,"88":7,"89":7,"90":7,"91":7,"92":2,"93":2,"94":2,"95":2,"96":2,"97":2,"98":2,"99":2,"100":2,"101":5,"102":5,"103":5,"104":5,"105":5,"106":1,"107":1,"108":3,"109":0,"110":3,"111":14,"112":8,"113":6,"114":2,"115":4,"116":1,"117":3,"118":1,"119":2,"120":1,"121":1,"122":5,"123":1,"124":4,"125":4,"126":1,"127":1,"128":1,"129":1,"130":4,"131":1,"132":1,"133":1,"134":1,"135":1,"136":1,"137":4,"138":1,"139":1,"140":1,"141":1,"142":3,"143":3,"144":1,"145":5,"146":2,"147":2,"148":3,"149":1},"f":{"0":25,"1":5,"2":2,"3":3,"4":1,"5":1,"6":1,"7":1,"8":2,"9":3,"10":8,"11":14,"12":5,"13":1,"14":1,"15":1,"16":3,"17":5,"18":2,"19":2,"20":3},"b":{"0":[1],"1":[3],"2":[3,0],"3":[1],"4":[3,3,2,2],"5":[2,2],"6":[1],"7":[0],"8":[1,1],"9":[1],"10":[1],"11":[1],"12":[1],"13":[0],"14":[3,3],"15":[1],"16":[8,8,8],"17":[2],"18":[2,1],"19":[2,2],"20":[2,1],"21":[2,1],"22":[2],"23":[2,2],"24":[5,1],"25":[1],"26":[5,1],"27":[0],"28":[8],"29":[14,14],"30":[2],"31":[1],"32":[1],"33":[1],"34":[1],"35":[1],"36":[1],"37":[1],"38":[1],"39":[5,0],"40":[5,1],"41":[2,1],"42":[2,1],"43":[2,1]}}
,"C:\\Users\\Laura\\clod-pet\\frontend\\src\\window-manager.ts": {"path":"C:\\Users\\Laura\\clod-pet\\frontend\\src\\window-manager.ts","statementMap":{"0":{"start":{"line":1,"column":0},"end":{"line":1,"column":41}},"1":{"start":{"line":7,"column":4},"end":{"line":7,"column":29}},"2":{"start":{"line":11,"column":21},"end":{"line":11,"column":44}},"3":{"start":{"line":12,"column":4},"end":{"line":14,"column":5}},"4":{"start":{"line":13,"column":6},"end":{"line":13,"column":29}},"5":{"start":{"line":16,"column":65},"end":{"line":16,"column":69}},"6":{"start":{"line":18,"column":16},"end":{"line":34,"column":6}},"7":{"start":{"line":36,"column":4},"end":{"line":36,"column":43}},"8":{"start":{"line":38,"column":4},"end":{"line":38,"column":15}},"9":{"start":{"line":42,"column":4},"end":{"line":42,"column":48}},"10":{"start":{"line":46,"column":18},"end":{"line":46,"column":41}},"11":{"start":{"line":47,"column":4},"end":{"line":52,"column":5}},"12":{"start":{"line":48,"column":6},"end":{"line":50,"column":7}},"13":{"start":{"line":49,"column":8},"end":{"line":49,"column":28}},"14":{"start":{"line":51,"column":6},"end":{"line":51,"column":33}},"15":{"start":{"line":56,"column":18},"end":{"line":56,"column":41}},"16":{"start":{"line":57,"column":4},"end":{"line":59,"column":5}},"17":{"start":{"line":58,"column":6},"end":{"line":58,"column":58}},"18":{"start":{"line":63,"column":18},"end":{"line":63,"column":41}},"19":{"start":{"line":64,"column":4},"end":{"line":66,"column":5}},"20":{"start":{"line":65,"column":6},"end":{"line":65,"column":39}},"21":{"start":{"line":70,"column":4},"end":{"line":73,"column":8}},"22":{"start":{"line":70,"column":70},"end":{"line":73,"column":6}},"23":{"start":{"line":77,"column":0},"end":{"line":77,"column":23}}},"fnMap":{"0":{"name":"(anonymous_0)","decl":{"start":{"line":6,"column":2},"end":{"line":6,"column":null}},"loc":{"start":{"line":6,"column":2},"end":{"line":8,"column":3}}},"1":{"name":"(anonymous_1)","decl":{"start":{"line":10,"column":2},"end":{"line":10,"column":17}},"loc":{"start":{"line":10,"column":121},"end":{"line":39,"column":3}}},"2":{"name":"(anonymous_2)","decl":{"start":{"line":41,"column":2},"end":{"line":41,"column":14}},"loc":{"start":{"line":41,"column":28},"end":{"line":43,"column":3}}},"3":{"name":"(anonymous_3)","decl":{"start":{"line":45,"column":2},"end":{"line":45,"column":17}},"loc":{"start":{"line":45,"column":31},"end":{"line":53,"column":3}}},"4":{"name":"(anonymous_4)","decl":{"start":{"line":55,"column":2},"end":{"line":55,"column":16}},"loc":{"start":{"line":55,"column":52},"end":{"line":60,"column":3}}},"5":{"name":"(anonymous_5)","decl":{"start":{"line":62,"column":2},"end":{"line":62,"column":12}},"loc":{"start":{"line":62,"column":57},"end":{"line":67,"column":3}}},"6":{"name":"(anonymous_6)","decl":{"start":{"line":69,"column":2},"end":{"line":69,"column":15}},"loc":{"start":{"line":69,"column":15},"end":{"line":74,"column":3}}},"7":{"name":"(anonymous_7)","decl":{"start":{"line":70,"column":50},"end":{"line":70,"column":51}},"loc":{"start":{"line":70,"column":70},"end":{"line":73,"column":6}}}},"branchMap":{"0":{"loc":{"start":{"line":10,"column":33},"end":{"line":10,"column":121}},"type":"default-arg","locations":[{"start":{"line":10,"column":119},"end":{"line":10,"column":121}}]},"1":{"loc":{"start":{"line":12,"column":4},"end":{"line":14,"column":5}},"type":"if","locations":[{"start":{"line":12,"column":4},"end":{"line":14,"column":5}}]},"2":{"loc":{"start":{"line":12,"column":8},"end":{"line":12,"column":47}},"type":"binary-expr","locations":[{"start":{"line":12,"column":8},"end":{"line":12,"column":16}},{"start":{"line":12,"column":20},"end":{"line":12,"column":47}}]},"3":{"loc":{"start":{"line":16,"column":12},"end":{"line":16,"column":17}},"type":"default-arg","locations":[{"start":{"line":16,"column":16},"end":{"line":16,"column":17}}]},"4":{"loc":{"start":{"line":16,"column":19},"end":{"line":16,"column":24}},"type":"default-arg","locations":[{"start":{"line":16,"column":23},"end":{"line":16,"column":24}}]},"5":{"loc":{"start":{"line":16,"column":26},"end":{"line":16,"column":37}},"type":"default-arg","locations":[{"start":{"line":16,"column":34},"end":{"line":16,"column":37}}]},"6":{"loc":{"start":{"line":16,"column":39},"end":{"line":16,"column":51}},"type":"default-arg","locations":[{"start":{"line":16,"column":48},"end":{"line":16,"column":51}}]},"7":{"loc":{"start":{"line":42,"column":11},"end":{"line":42,"column":47}},"type":"binary-expr","locations":[{"start":{"line":42,"column":11},"end":{"line":42,"column":39}},{"start":{"line":42,"column":43},"end":{"line":42,"column":47}}]},"8":{"loc":{"start":{"line":47,"column":4},"end":{"line":52,"column":5}},"type":"if","locations":[{"start":{"line":47,"column":4},"end":{"line":52,"column":5}}]},"9":{"loc":{"start":{"line":48,"column":6},"end":{"line":50,"column":7}},"type":"if","locations":[{"start":{"line":48,"column":6},"end":{"line":50,"column":7}}]},"10":{"loc":{"start":{"line":57,"column":4},"end":{"line":59,"column":5}},"type":"if","locations":[{"start":{"line":57,"column":4},"end":{"line":59,"column":5}}]},"11":{"loc":{"start":{"line":57,"column":8},"end":{"line":57,"column":41}},"type":"binary-expr","locations":[{"start":{"line":57,"column":8},"end":{"line":57,"column":13}},{"start":{"line":57,"column":17},"end":{"line":57,"column":41}}]},"12":{"loc":{"start":{"line":64,"column":4},"end":{"line":66,"column":5}},"type":"if","locations":[{"start":{"line":64,"column":4},"end":{"line":66,"column":5}}]},"13":{"loc":{"start":{"line":64,"column":8},"end":{"line":64,"column":41}},"type":"binary-expr","locations":[{"start":{"line":64,"column":8},"end":{"line":64,"column":13}},{"start":{"line":64,"column":17},"end":{"line":64,"column":41}}]}},"s":{"0":1,"1":14,"2":13,"3":13,"4":1,"5":13,"6":13,"7":13,"8":13,"9":2,"10":3,"11":3,"12":2,"13":1,"14":2,"15":2,"16":2,"17":1,"18":2,"19":2,"20":1,"21":1,"22":2,"23":1},"f":{"0":14,"1":13,"2":2,"3":3,"4":2,"5":2,"6":1,"7":2},"b":{"0":[12],"1":[1],"2":[13,1],"3":[12],"4":[12],"5":[12],"6":[12],"7":[2,1],"8":[2],"9":[1],"10":[1],"11":[2,2],"12":[1],"13":[2,2]}}
}
