TN:
SF:src\backend-client.ts
FN:8,(anonymous_0)
FN:14,(anonymous_1)
FN:18,(anonymous_2)
FN:28,(anonymous_3)
FN:32,(anonymous_4)
FN:39,(anonymous_5)
FN:42,(anonymous_6)
FN:52,(anonymous_7)
FN:54,(anonymous_8)
FN:55,(anonymous_9)
FN:77,(anonymous_10)
FN:83,(anonymous_11)
FN:93,(anonymous_12)
FN:97,(anonymous_13)
FN:101,(anonymous_14)
FN:110,(anonymous_15)
FN:114,(anonymous_16)
FN:118,(anonymous_17)
FN:122,(anonymous_18)
FN:126,(anonymous_19)
FN:130,(anonymous_20)
FN:134,(anonymous_21)
FN:138,(anonymous_22)
FN:142,(anonymous_23)
FN:146,(anonymous_24)
FN:150,(anonymous_25)
FNF:26
FNH:26
FNDA:30,(anonymous_0)
FNDA:2,(anonymous_1)
FNDA:20,(anonymous_2)
FNDA:3,(anonymous_3)
FNDA:24,(anonymous_4)
FNDA:24,(anonymous_5)
FNDA:24,(anonymous_6)
FNDA:23,(anonymous_7)
FNDA:22,(anonymous_8)
FNDA:22,(anonymous_9)
FNDA:1,(anonymous_10)
FNDA:1,(anonymous_11)
FNDA:1,(anonymous_12)
FNDA:1,(anonymous_13)
FNDA:1,(anonymous_14)
FNDA:1,(anonymous_15)
FNDA:1,(anonymous_16)
FNDA:1,(anonymous_17)
FNDA:1,(anonymous_18)
FNDA:1,(anonymous_19)
FNDA:1,(anonymous_20)
FNDA:1,(anonymous_21)
FNDA:1,(anonymous_22)
FNDA:1,(anonymous_23)
FNDA:1,(anonymous_24)
FNDA:2,(anonymous_25)
DA:1,1
DA:9,30
DA:10,30
DA:11,30
DA:15,2
DA:19,20
DA:25,14
DA:29,3
DA:39,24
DA:40,24
DA:42,24
DA:43,24
DA:44,24
DA:45,24
DA:46,24
DA:49,24
DA:53,23
DA:54,23
DA:55,23
DA:56,22
DA:57,1
DA:58,1
DA:59,1
DA:62,21
DA:63,21
DA:64,19
DA:65,2
DA:66,2
DA:67,2
DA:69,17
DA:70,17
DA:72,2
DA:77,24
DA:78,1
DA:79,1
DA:80,1
DA:83,24
DA:84,1
DA:85,1
DA:88,24
DA:89,24
DA:94,1
DA:98,1
DA:102,1
DA:111,1
DA:115,1
DA:119,1
DA:123,1
DA:127,1
DA:131,1
DA:135,1
DA:139,1
DA:143,1
DA:147,1
DA:151,2
DA:155,1
LF:56
LH:56
BRDA:8,0,0,1
BRDA:8,1,0,29
BRDA:11,2,0,30
BRDA:11,2,1,29
BRDA:18,3,0,4
BRDA:28,4,0,1
BRDA:32,5,0,0
BRDA:43,6,0,0
BRDA:45,7,0,22
BRDA:50,8,0,24
BRDA:50,8,1,0
BRDA:56,9,0,1
BRDA:56,10,0,22
BRDA:56,10,1,3
BRDA:64,11,0,2
BRDA:64,12,0,19
BRDA:64,12,1,17
BRDA:66,13,0,2
BRDA:66,13,1,1
BRDA:88,14,0,21
BRDA:150,15,0,1
BRF:21
BRH:18
end_of_record
TN:
SF:src\backend-manager.ts
FN:19,(anonymous_0)
FN:31,(anonymous_1)
FN:53,(anonymous_2)
FN:57,(anonymous_3)
FN:61,(anonymous_4)
FN:65,(anonymous_5)
FN:75,(anonymous_6)
FN:85,(anonymous_7)
FN:97,(anonymous_8)
FN:98,(anonymous_9)
FN:102,(anonymous_10)
FN:104,(anonymous_11)
FN:104,(anonymous_12)
FN:105,(anonymous_13)
FN:115,(anonymous_14)
FN:116,(anonymous_15)
FN:118,(anonymous_16)
FN:119,(anonymous_17)
FN:121,(anonymous_18)
FN:122,(anonymous_19)
FN:126,(anonymous_20)
FN:130,(anonymous_21)
FN:140,appendRecent
FNF:23
FNH:23
FNDA:18,(anonymous_0)
FNDA:7,(anonymous_1)
FNDA:3,(anonymous_2)
FNDA:1,(anonymous_3)
FNDA:1,(anonymous_4)
FNDA:1,(anonymous_5)
FNDA:1,(anonymous_6)
FNDA:2,(anonymous_7)
FNDA:9,(anonymous_8)
FNDA:9,(anonymous_9)
FNDA:10,(anonymous_10)
FNDA:8,(anonymous_11)
FNDA:8,(anonymous_12)
FNDA:2,(anonymous_13)
FNDA:9,(anonymous_14)
FNDA:9,(anonymous_15)
FNDA:13,(anonymous_16)
FNDA:10,(anonymous_17)
FNDA:7,(anonymous_18)
FNDA:10,(anonymous_19)
FNDA:3,(anonymous_20)
FNDA:6,(anonymous_21)
FNDA:4,appendRecent
DA:1,1
DA:2,1
DA:3,1
DA:4,1
DA:6,1
DA:20,18
DA:21,18
DA:22,18
DA:23,18
DA:24,18
DA:25,18
DA:26,18
DA:27,18
DA:28,18
DA:32,7
DA:33,7
DA:34,7
DA:35,7
DA:37,7
DA:38,7
DA:39,7
DA:40,7
DA:41,7
DA:43,7
DA:44,7
DA:46,7
DA:51,7
DA:53,7
DA:54,3
DA:55,3
DA:57,7
DA:58,1
DA:59,1
DA:61,7
DA:62,1
DA:63,1
DA:65,7
DA:66,1
DA:67,1
DA:70,7
DA:71,7
DA:72,7
DA:76,1
DA:77,1
DA:78,1
DA:79,1
DA:80,1
DA:81,1
DA:86,2
DA:98,9
DA:99,9
DA:100,9
DA:102,9
DA:103,10
DA:104,10
DA:105,10
DA:106,2
DA:107,2
DA:108,1
DA:111,9
DA:116,9
DA:117,9
DA:118,9
DA:119,13
DA:120,10
DA:121,10
DA:122,10
DA:123,10
DA:124,3
DA:127,3
DA:130,9
DA:131,6
DA:132,6
DA:133,4
DA:135,9
DA:141,4
DA:142,4
DA:145,1
LF:78
LH:78
BRDA:19,0,0,17
BRDA:22,1,0,18
BRDA:22,1,1,18
BRDA:33,2,0,0
BRDA:37,3,0,7
BRDA:37,3,1,1
BRDA:39,4,0,7
BRDA:39,4,1,6
BRDA:39,4,2,6
BRDA:39,4,3,0
BRDA:40,5,0,1
BRDA:40,5,1,6
BRDA:41,6,0,1
BRDA:41,6,1,6
BRDA:76,7,0,1
BRDA:93,8,0,2
BRDA:93,8,1,1
BRDA:97,9,0,8
BRDA:107,10,0,1
BRDA:107,10,1,1
BRDA:115,11,0,7
BRDA:115,12,0,7
BRDA:123,13,0,7
BRDA:123,13,1,3
BRDA:132,14,0,2
BRDA:132,14,1,4
BRDA:140,15,0,4
BRDA:142,16,0,1
BRDA:142,16,1,3
BRF:29
BRH:27
end_of_record
TN:
SF:src\border-detector.ts
FN:7,(anonymous_0)
FN:12,(anonymous_1)
FN:16,(anonymous_2)
FN:20,(anonymous_3)
FN:42,(anonymous_4)
FN:64,(anonymous_5)
FN:72,(anonymous_6)
FN:79,(anonymous_7)
FN:82,(anonymous_8)
FN:91,(anonymous_9)
FNF:10
FNH:10
FNDA:25,(anonymous_0)
FNDA:7,(anonymous_1)
FNDA:7,(anonymous_2)
FNDA:6,(anonymous_3)
FNDA:6,(anonymous_4)
FNDA:5,(anonymous_5)
FNDA:6,(anonymous_6)
FNDA:11,(anonymous_7)
FNDA:9,(anonymous_8)
FNDA:8,(anonymous_9)
DA:1,1
DA:8,25
DA:9,25
DA:13,7
DA:17,7
DA:18,7
DA:20,7
DA:21,6
DA:22,6
DA:23,6
DA:25,6
DA:26,2
DA:27,4
DA:28,1
DA:29,3
DA:30,1
DA:32,2
DA:35,6
DA:36,5
DA:37,5
DA:43,6
DA:44,6
DA:45,6
DA:46,6
DA:48,5
DA:49,5
DA:51,5
DA:52,5
DA:53,5
DA:54,5
DA:55,5
DA:57,5
DA:58,5
DA:59,5
DA:61,5
DA:65,5
DA:66,5
DA:67,5
DA:68,3
DA:69,3
DA:73,6
DA:74,6
DA:75,6
DA:76,2
DA:80,11
DA:81,11
DA:82,11
DA:83,9
DA:92,8
DA:93,7
DA:94,7
DA:95,7
DA:99,1
LF:53
LH:53
BRDA:7,0,0,23
BRDA:25,1,0,2
BRDA:25,1,1,4
BRDA:27,2,0,1
BRDA:27,2,1,3
BRDA:29,3,0,1
BRDA:29,3,1,2
BRDA:35,4,0,5
BRDA:35,5,0,6
BRDA:35,5,1,6
BRDA:35,5,2,6
BRDA:36,6,0,5
BRDA:36,6,1,4
BRDA:46,7,0,1
BRDA:57,8,0,3
BRDA:57,9,0,5
BRDA:57,9,1,3
BRDA:58,10,0,3
BRDA:58,11,0,5
BRDA:58,11,1,2
BRDA:59,12,0,2
BRDA:67,13,0,2
BRDA:67,14,0,5
BRDA:67,14,1,4
BRDA:73,15,0,6
BRDA:73,15,1,6
BRDA:74,16,0,5
BRDA:74,16,1,1
BRDA:75,17,0,4
BRDA:76,18,0,2
BRDA:76,18,1,2
BRDA:76,18,2,2
BRDA:76,18,3,2
BRDA:82,19,0,11
BRDA:82,19,1,3
BRDA:82,19,2,2
BRDA:83,20,0,9
BRDA:83,20,1,9
BRDA:83,20,2,9
BRDA:83,20,3,9
BRDA:83,20,4,9
BRDA:92,21,0,1
BRDA:95,22,0,5
BRDA:95,22,1,2
BRF:44
BRH:44
end_of_record
TN:
SF:src\logger.ts
FN:12,(anonymous_0)
FN:17,(anonymous_1)
FN:21,(anonymous_2)
FN:25,(anonymous_3)
FN:29,(anonymous_4)
FN:33,(anonymous_5)
FN:50,createLogger
FN:55,formatArg
FN:65,getLogDir
FNF:9
FNH:9
FNDA:16,(anonymous_0)
FNDA:5,(anonymous_1)
FNDA:27,(anonymous_2)
FNDA:7,(anonymous_3)
FNDA:5,(anonymous_4)
FNDA:44,(anonymous_5)
FNDA:5,createLogger
FNDA:67,formatArg
FNDA:1,getLogDir
DA:1,3
DA:2,3
DA:4,3
DA:5,3
DA:13,16
DA:14,16
DA:18,5
DA:22,27
DA:26,7
DA:30,5
DA:34,44
DA:36,39
DA:37,39
DA:38,39
DA:40,39
DA:41,39
DA:42,21
DA:43,21
DA:51,5
DA:52,5
DA:56,67
DA:57,65
DA:58,17
DA:59,17
DA:61,2
DA:66,1
DA:69,3
LF:27
LH:27
BRDA:5,0,0,3
BRDA:5,0,1,3
BRDA:6,1,0,3
BRDA:6,1,1,0
BRDA:12,2,0,1
BRDA:14,3,0,16
BRDA:14,3,1,1
BRDA:34,4,0,5
BRDA:37,5,0,39
BRDA:37,5,1,0
BRDA:51,6,0,1
BRDA:51,6,1,4
BRDA:56,7,0,2
BRDA:56,8,0,2
BRDA:56,8,1,0
BRDA:57,9,0,48
BRF:16
BRH:13
end_of_record
TN:
SF:src\pet-manager.ts
FN:27,(anonymous_0)
FN:38,(anonymous_1)
FN:42,(anonymous_2)
FN:54,(anonymous_3)
FN:110,(anonymous_4)
FN:119,(anonymous_5)
FN:126,(anonymous_6)
FN:130,(anonymous_7)
FN:142,(anonymous_8)
FN:155,(anonymous_9)
FN:159,(anonymous_10)
FN:212,(anonymous_11)
FN:221,(anonymous_12)
FN:225,(anonymous_13)
FN:231,(anonymous_14)
FN:240,(anonymous_15)
FN:247,(anonymous_16)
FN:255,(anonymous_17)
FN:259,(anonymous_18)
FN:263,(anonymous_19)
FN:269,(anonymous_20)
FNF:21
FNH:21
FNDA:25,(anonymous_0)
FNDA:5,(anonymous_1)
FNDA:2,(anonymous_2)
FNDA:3,(anonymous_3)
FNDA:1,(anonymous_4)
FNDA:1,(anonymous_5)
FNDA:1,(anonymous_6)
FNDA:1,(anonymous_7)
FNDA:2,(anonymous_8)
FNDA:3,(anonymous_9)
FNDA:8,(anonymous_10)
FNDA:14,(anonymous_11)
FNDA:5,(anonymous_12)
FNDA:1,(anonymous_13)
FNDA:1,(anonymous_14)
FNDA:1,(anonymous_15)
FNDA:3,(anonymous_16)
FNDA:5,(anonymous_17)
FNDA:2,(anonymous_18)
FNDA:2,(anonymous_19)
FNDA:3,(anonymous_20)
DA:1,1
DA:2,1
DA:3,1
DA:4,1
DA:5,1
DA:6,1
DA:8,1
DA:9,1
DA:28,25
DA:29,25
DA:30,25
DA:31,25
DA:32,25
DA:33,25
DA:34,25
DA:35,25
DA:39,5
DA:40,5
DA:42,5
DA:43,2
DA:44,2
DA:45,1
DA:55,3
DA:56,3
DA:57,3
DA:58,3
DA:60,3
DA:61,1
DA:62,1
DA:65,2
DA:66,2
DA:67,2
DA:68,1
DA:69,1
DA:72,1
DA:80,1
DA:81,1
DA:82,1
DA:84,1
DA:90,1
DA:92,1
DA:103,1
DA:104,1
DA:106,1
DA:107,1
DA:109,1
DA:110,1
DA:111,1
DA:112,1
DA:113,1
DA:114,1
DA:117,1
DA:119,1
DA:120,1
DA:121,1
DA:122,1
DA:123,1
DA:126,1
DA:127,1
DA:130,1
DA:131,1
DA:132,1
DA:133,1
DA:135,1
DA:138,1
DA:139,1
DA:143,2
DA:144,2
DA:145,1
DA:148,1
DA:149,1
DA:150,1
DA:151,1
DA:152,1
DA:156,3
DA:157,3
DA:159,3
DA:160,8
DA:161,8
DA:163,7
DA:164,7
DA:165,7
DA:167,7
DA:168,7
DA:169,7
DA:171,7
DA:172,2
DA:174,2
DA:182,2
DA:183,2
DA:184,2
DA:185,2
DA:192,2
DA:193,2
DA:194,2
DA:197,5
DA:198,5
DA:199,5
DA:200,5
DA:201,5
DA:202,1
DA:203,1
DA:208,3
DA:209,3
DA:213,14
DA:214,6
DA:215,4
DA:216,3
DA:217,2
DA:218,1
DA:222,5
DA:223,4
DA:225,4
DA:226,1
DA:227,1
DA:228,1
DA:231,4
DA:232,1
DA:233,1
DA:234,1
DA:235,1
DA:236,1
DA:240,4
DA:241,1
DA:242,1
DA:243,1
DA:248,3
DA:249,3
DA:251,1
DA:256,5
DA:260,2
DA:264,2
DA:269,3
DA:279,1
LF:134
LH:134
BRDA:44,0,0,1
BRDA:54,1,0,3
BRDA:58,2,0,3
BRDA:58,2,1,0
BRDA:60,3,0,1
BRDA:60,4,0,3
BRDA:60,4,1,3
BRDA:60,4,2,2
BRDA:60,4,3,2
BRDA:66,5,0,2
BRDA:66,5,1,2
BRDA:67,6,0,1
BRDA:111,7,0,0
BRDA:111,8,0,1
BRDA:111,8,1,1
BRDA:131,9,0,1
BRDA:135,10,0,1
BRDA:144,11,0,1
BRDA:150,12,0,1
BRDA:157,13,0,0
BRDA:157,14,0,3
BRDA:157,14,1,3
BRDA:161,15,0,1
BRDA:161,16,0,8
BRDA:161,16,1,8
BRDA:161,16,2,8
BRDA:182,17,0,2
BRDA:183,18,0,2
BRDA:183,18,1,1
BRDA:183,19,0,2
BRDA:183,19,1,2
BRDA:184,20,0,2
BRDA:184,20,1,1
BRDA:188,21,0,2
BRDA:188,21,1,1
BRDA:192,22,0,2
BRDA:192,23,0,2
BRDA:192,23,1,2
BRDA:197,24,0,5
BRDA:197,24,1,1
BRDA:201,25,0,1
BRDA:201,26,0,5
BRDA:201,26,1,1
BRDA:208,27,0,0
BRDA:213,28,0,8
BRDA:213,29,0,14
BRDA:213,29,1,14
BRDA:214,30,0,2
BRDA:215,31,0,1
BRDA:216,32,0,1
BRDA:217,33,0,1
BRDA:222,34,0,1
BRDA:228,35,0,1
BRDA:234,36,0,1
BRDA:236,37,0,1
BRDA:243,38,0,1
BRDA:256,39,0,5
BRDA:256,39,1,0
BRDA:256,40,0,5
BRDA:256,40,1,1
BRDA:271,41,0,2
BRDA:271,41,1,1
BRDA:272,42,0,2
BRDA:272,42,1,1
BRDA:273,43,0,2
BRDA:273,43,1,1
BRF:66
BRH:61
end_of_record
TN:
SF:src\window-manager.ts
FN:6,(anonymous_0)
FN:10,(anonymous_1)
FN:41,(anonymous_2)
FN:45,(anonymous_3)
FN:55,(anonymous_4)
FN:62,(anonymous_5)
FN:69,(anonymous_6)
FN:70,(anonymous_7)
FNF:8
FNH:8
FNDA:14,(anonymous_0)
FNDA:13,(anonymous_1)
FNDA:2,(anonymous_2)
FNDA:3,(anonymous_3)
FNDA:2,(anonymous_4)
FNDA:2,(anonymous_5)
FNDA:1,(anonymous_6)
FNDA:2,(anonymous_7)
DA:1,1
DA:7,14
DA:11,13
DA:12,13
DA:13,1
DA:16,13
DA:18,13
DA:36,13
DA:38,13
DA:42,2
DA:46,3
DA:47,3
DA:48,2
DA:49,1
DA:51,2
DA:56,2
DA:57,2
DA:58,1
DA:63,2
DA:64,2
DA:65,1
DA:70,2
DA:77,1
LF:23
LH:23
BRDA:10,0,0,12
BRDA:12,1,0,1
BRDA:12,2,0,13
BRDA:12,2,1,1
BRDA:16,3,0,12
BRDA:16,4,0,12
BRDA:16,5,0,12
BRDA:16,6,0,12
BRDA:42,7,0,2
BRDA:42,7,1,1
BRDA:47,8,0,2
BRDA:48,9,0,1
BRDA:57,10,0,1
BRDA:57,11,0,2
BRDA:57,11,1,2
BRDA:64,12,0,1
BRDA:64,13,0,2
BRDA:64,13,1,2
BRF:18
BRH:18
end_of_record
